2026-06-08 11:14:10, MOVE, v:1, k:fup@exemplares, mode:DOWN
2026-06-08 11:14:11, MOVE, v:1, k:fup@exemplares, mode:PICK
2026-06-08 11:14:20, EXEC, v:1, k:fup@exemplares, mode:FULL, rate:0, size:5
2026-06-08 11:15:04, EXEC, v:1, k:fup@exemplares, mode:FULL, rate:0
2026-06-08 11:15:23, EXEC, v:1, k:fup@exemplares, mode:FULL, rate:100, size:51
2026-06-08 11:15:48, MOVE, v:1, k:fup@exemplares, mode:BACK
2026-06-08 11:16:06, SELF, v:1, k:fup@exemplares, self:1, rate:100
2026-06-08 11:14:10, MOVE, v:1, k:fup@exemplares, mode:EDIT
2026-06-08 11:14:10, MOVE, v:1, k:fup@exemplares, mode:EDIT
2026-06-08 11:15:23, MOVE, v:1, k:fup@exemplares, mode:EDIT
2026-06-08 11:15:14, MOVE, v:1, k:fup@exemplares, mode:EDIT
2026-06-08 11:16:37, MOVE, v:1, k:fup@parkour, mode:DOWN
2026-06-08 11:16:38, MOVE, v:1, k:fup@parkour, mode:PICK
2026-06-08 11:16:40, EXEC, v:1, k:fup@parkour, mode:FULL, rate:0, size:5
2026-06-08 11:16:59, EXEC, v:1, k:fup@parkour, mode:FULL, rate:100, size:34
2026-06-08 11:17:05, MOVE, v:1, k:fup@parkour, mode:BACK
2026-06-08 11:17:10, SELF, v:1, k:fup@parkour, self:1, rate:100
2026-06-08 11:17:32, MOVE, v:1, k:fup@jedi, mode:DOWN
2026-06-08 11:17:33, MOVE, v:1, k:fup@jedi, mode:PICK
2026-06-08 11:17:35, EXEC, v:1, k:fup@jedi, mode:FULL, rate:0, size:5
2026-06-08 11:17:50, EXEC, v:1, k:fup@jedi, mode:FULL, rate:100, size:26
2026-06-08 11:18:04, MOVE, v:1, k:fup@jedi, mode:BACK
2026-06-08 11:18:32, SELF, v:1, k:fup@jedi, self:1, rate:100
2026-06-08 11:16:47, MOVE, v:1, k:fup@parkour, mode:EDIT
2026-06-08 11:16:37, MOVE, v:1, k:fup@parkour, mode:EDIT
2026-06-08 11:16:58, MOVE, v:1, k:fup@parkour, mode:EDIT
2026-06-08 11:16:57, MOVE, v:1, k:fup@parkour, mode:EDIT
2026-06-08 11:17:32, MOVE, v:1, k:fup@jedi, mode:EDIT
2026-06-08 11:17:32, MOVE, v:1, k:fup@jedi, mode:EDIT
2026-06-08 11:17:48, MOVE, v:1, k:fup@jedi, mode:EDIT
2026-06-08 11:17:49, MOVE, v:1, k:fup@jedi, mode:EDIT
2026-06-08 11:21:29, MOVE, v:1, k:fup@par, mode:PICK
2026-06-08 11:21:30, EXEC, v:1, k:fup@par, mode:FULL, rate:0
2026-06-08 11:25:03, EXEC, v:1, k:fup@par, mode:FULL, size:12, fail:COMP
2026-06-08 11:25:18, EXEC, v:1, k:fup@par, mode:FULL, rate:100, size:12
2026-06-08 11:25:19, MOVE, v:1, k:fup@par, mode:BACK
2026-06-08 11:25:43, SELF, v:1, k:fup@par, self:1, rate:100, study:3
2026-06-08 11:26:05, MOVE, v:1, k:fup@morangos, mode:DOWN
2026-06-08 11:26:09, MOVE, v:1, k:fup@morangos, mode:PICK
2026-06-08 11:26:10, EXEC, v:1, k:fup@morangos, mode:FULL, rate:0, size:5
2026-06-08 11:25:18, MOVE, v:1, k:fup@par, mode:EDIT
2026-06-08 11:25:17, MOVE, v:1, k:fup@par, mode:EDIT
2026-06-08 11:26:05, MOVE, v:1, k:fup@morangos, mode:EDIT
2026-06-08 11:26:05, MOVE, v:1, k:fup@morangos, mode:EDIT
2026-06-08 11:26:10, MOVE, v:1, k:fup@morangos, mode:EDIT
2026-06-08 11:30:32, MOVE, v:1, k:fup@morangos, mode:EDIT
2026-06-08 11:36:09, MOVE, v:1, k:fup@morangos, mode:EDIT
2026-06-08 11:36:35, EXEC, v:1, k:fup@morangos, mode:FULL, rate:100, size:18
2026-06-08 11:36:37, MOVE, v:1, k:fup@morangos, mode:BACK
2026-06-08 11:36:46, SELF, v:1, k:fup@morangos, self:1, rate:100, study:10
2026-06-08 11:37:14, MOVE, v:1, k:fup@taxi, mode:DOWN
2026-06-08 11:37:15, MOVE, v:1, k:fup@taxi, mode:PICK
2026-06-08 11:37:56, MOVE, v:1, k:fup@taxi, mode:PICK
2026-06-08 11:37:57, EXEC, v:1, k:fup@taxi, mode:FULL, rate:0, size:5
2026-06-08 11:38:05, EXEC, v:1, k:fup@taxi, mode:FULL, rate:0
2026-06-08 11:38:05, MOVE, v:1, k:fup@taxi, mode:EDIT
2026-06-08 11:42:34, MOVE, v:1, k:fup@taxi, mode:EDIT
2026-06-08 11:45:28, MOVE, v:1, k:fup@taxi, mode:BACK
2026-06-08 13:57:36, MOVE, v:1, k:fup@taxi, mode:PICK
2026-06-08 14:00:21, EXEC, v:1, k:fup@taxi, mode:FULL, rate:0, size:13
2026-06-08 14:00:21, MOVE, v:1, k:fup@taxi, mode:EDIT
2026-06-08 14:06:45, MOVE, v:1, k:fup@taxi, mode:EDIT
2026-06-08 14:32:01, MOVE, v:1, k:fup@taxi, mode:EDIT
2026-06-08 14:35:08, EXEC, v:1, k:fup@taxi, mode:FULL, rate:0, size:15
2026-06-08 14:35:30, EXEC, v:1, k:fup@taxi, mode:FULL, rate:23, size:15
2026-06-08 14:36:10, EXEC, v:1, k:fup@taxi, mode:FULL, size:17, fail:COMP
2026-06-08 14:36:10, MOVE, v:1, k:fup@taxi, mode:EDIT
2026-06-08 14:35:30, MOVE, v:1, k:fup@taxi, mode:EDIT
2026-06-08 14:37:38, EXEC, v:1, k:fup@taxi, mode:FULL, rate:28, size:17
2026-06-08 14:38:13, EXEC, v:1, k:fup@taxi, mode:FULL, rate:57, size:23
2026-06-08 14:38:55, EXEC, v:1, k:fup@taxi, mode:FULL, rate:76, size:23
2026-06-08 14:38:53, MOVE, v:1, k:fup@taxi, mode:EDIT
2026-06-08 14:38:54, MOVE, v:1, k:fup@taxi, mode:EDIT
2026-06-08 14:46:43, MOVE, v:1, k:fup@taxi, mode:EDIT
2026-06-08 14:47:11, EXEC, v:1, k:fup@taxi, mode:FULL, rate:28, size:15
2026-06-08 14:49:51, EXEC, v:1, k:fup@taxi, mode:FULL, size:21, fail:COMP
2026-06-08 14:50:01, EXEC, v:1, k:fup@taxi, mode:FULL, rate:42, size:21
2026-06-08 14:50:25, EXEC, v:1, k:fup@taxi, mode:FULL, rate:42, size:21
2026-06-08 14:50:25, MOVE, v:1, k:fup@taxi, mode:EDIT
2026-06-08 14:50:23, MOVE, v:1, k:fup@taxi, mode:EDIT
2026-06-08 14:54:22, EXEC, v:1, k:fup@taxi, mode:FULL, rate:66, size:25
2026-06-08 14:56:14, EXEC, v:1, k:fup@taxi, mode:FULL, rate:76, size:25
2026-06-08 14:56:13, MOVE, v:1, k:fup@taxi, mode:EDIT
2026-06-08 14:56:13, MOVE, v:1, k:fup@taxi, mode:EDIT
2026-06-08 14:58:10, EXEC, v:1, k:fup@taxi, mode:FULL, rate:76, size:16
2026-06-08 15:01:59, MOVE, v:1, k:fup@taxi, mode:EDIT
2026-06-08 14:58:10, MOVE, v:1, k:fup@taxi, mode:EDIT
2026-06-08 15:05:55, EXEC, v:1, k:fup@taxi, mode:FULL, rate:14, size:24
2026-06-08 15:06:30, EXEC, v:1, k:fup@taxi, mode:FULL, rate:76, size:12
2026-06-08 15:06:57, MOVE, v:1, k:fup@taxi, mode:BACK
2026-06-08 15:06:26, MOVE, v:1, k:fup@taxi, mode:EDIT
2026-06-08 15:06:30, MOVE, v:1, k:fup@taxi, mode:EDIT
