2026-06-01 16:37:16, MOVE, v:1, k:fup@invertendo, mode:PICK
2026-06-01 16:37:23, EXEC, v:1, k:fup@invertendo, mode:FULL, rate:0
2026-06-01 16:37:23, EXEC, v:1, k:fup@invertendo, mode:FULL, rate:0
2026-06-01 16:37:23, MOVE, v:1, k:fup@invertendo, mode:EDIT
2026-06-01 16:44:26, MOVE, v:1, k:fup@invertendo, mode:BACK
2026-06-01 16:45:01, MOVE, v:1, k:fup@baruel, mode:PICK
2026-06-01 16:45:05, EXEC, v:1, k:fup@baruel, mode:FULL, rate:100
2026-06-01 16:45:49, MOVE, v:1, k:fup@baruel, mode:BACK
2026-06-01 16:45:52, MOVE, v:1, k:fup@tazos, mode:PICK
2026-06-01 16:45:53, EXEC, v:1, k:fup@tazos, mode:FULL, rate:100, size:79
2026-06-01 16:44:26, MOVE, v:1, k:fup@invertendo, mode:EDIT
2026-06-01 16:45:05, MOVE, v:1, k:fup@baruel, mode:EDIT
2026-06-01 16:45:53, MOVE, v:1, k:fup@tazos, mode:EDIT
2026-06-01 16:47:32, MOVE, v:1, k:fup@tazos, mode:BACK
2026-06-01 16:47:35, MOVE, v:1, k:fup@invertendo, mode:PICK
2026-06-01 16:47:37, EXEC, v:1, k:fup@invertendo, mode:FULL, rate:0, size:14
2026-06-01 16:48:24, MOVE, v:1, k:fup@invertendo, mode:BACK
2026-06-01 16:47:36, MOVE, v:1, k:fup@invertendo, mode:EDIT
2026-06-01 16:53:24, MOVE, v:1, k:fup@invertendo, mode:PICK
2026-06-01 16:53:26, EXEC, v:1, k:fup@invertendo, mode:FULL, rate:0
2026-06-01 16:53:53, EXEC, v:1, k:fup@invertendo, mode:FULL, rate:0, size:37
2026-06-01 16:56:19, EXEC, v:1, k:fup@invertendo, mode:FULL, rate:100, size:25
2026-06-01 16:56:21, MOVE, v:1, k:fup@invertendo, mode:BACK
2026-06-01 16:56:19, MOVE, v:1, k:fup@invertendo, mode:EDIT
2026-06-01 16:56:17, MOVE, v:1, k:fup@invertendo, mode:EDIT
2026-06-01 16:56:49, SELF, v:1, k:fup@invertendo, self:1, rate:100, study:31
2026-06-01 16:56:52, MOVE, v:1, k:fup@fila, mode:DOWN
2026-06-01 16:57:04, MOVE, v:1, k:fup@fila, mode:PICK
2026-06-01 16:57:06, EXEC, v:1, k:fup@fila, mode:FULL, rate:0, size:5
2026-06-01 16:57:31, EXEC, v:1, k:fup@fila, mode:FULL, rate:100, size:37
2026-06-01 16:57:33, MOVE, v:1, k:fup@fila, mode:BACK
2026-06-01 16:57:51, SELF, v:1, k:fup@fila, self:1, rate:100
2026-06-01 16:58:00, MOVE, v:1, k:fup@casais, mode:DOWN
2026-06-01 16:58:02, MOVE, v:1, k:fup@casais, mode:PICK
2026-06-01 16:58:04, EXEC, v:1, k:fup@casais, mode:FULL, rate:0, size:5
2026-06-01 16:56:52, MOVE, v:1, k:fup@fila, mode:EDIT
2026-06-01 16:56:52, MOVE, v:1, k:fup@fila, mode:EDIT
2026-06-01 16:57:31, MOVE, v:1, k:fup@fila, mode:EDIT
2026-06-01 16:57:30, MOVE, v:1, k:fup@fila, mode:EDIT
2026-06-01 16:58:00, MOVE, v:1, k:fup@casais, mode:EDIT
2026-06-01 16:58:00, MOVE, v:1, k:fup@casais, mode:EDIT
2026-06-01 17:01:35, MOVE, v:1, k:fup@casais, mode:EDIT
2026-06-01 16:58:04, MOVE, v:1, k:fup@casais, mode:EDIT
2026-06-01 17:02:37, EXEC, v:1, k:fup@casais, mode:FULL, rate:0, size:11
2026-06-01 17:04:28, EXEC, v:1, k:fup@casais, mode:FULL, size:14, fail:COMP
2026-06-01 17:06:27, MOVE, v:1, k:fup@casais, mode:EDIT
2026-06-01 17:02:37, MOVE, v:1, k:fup@casais, mode:EDIT
2026-06-01 17:07:42, EXEC, v:1, k:fup@casais, mode:FULL, rate:0, size:22
2026-06-01 17:08:25, MOVE, v:1, k:fup@casais, mode:EDIT
2026-06-01 17:07:42, MOVE, v:1, k:fup@casais, mode:EDIT
2026-06-01 17:21:26, MOVE, v:1, k:fup@casais, mode:EDIT
2026-06-01 17:23:16, EXEC, v:1, k:fup@casais, mode:FULL, size:20, fail:COMP
2026-06-01 17:24:38, EXEC, v:1, k:fup@casais, mode:FULL, size:21, fail:COMP
2026-06-01 17:24:52, EXEC, v:1, k:fup@casais, mode:FULL, size:23, fail:COMP
2026-06-01 17:26:31, EXEC, v:1, k:fup@casais, mode:FULL, rate:50, size:25
2026-06-01 17:26:30, MOVE, v:1, k:fup@casais, mode:EDIT
2026-06-01 17:26:31, MOVE, v:1, k:fup@casais, mode:EDIT
2026-06-01 17:29:44, MOVE, v:1, k:fup@casais, mode:EDIT
2026-06-01 17:41:28, MOVE, v:1, k:fup@casais, mode:EDIT
2026-06-01 17:44:42, EXEC, v:1, k:fup@casais, mode:FULL, rate:50, size:34
2026-06-01 17:45:50, MOVE, v:1, k:fup@casais, mode:EDIT
2026-06-01 17:44:42, MOVE, v:1, k:fup@casais, mode:EDIT
2026-06-01 17:51:23, MOVE, v:1, k:fup@casais, mode:EDIT
2026-06-01 17:52:48, EXEC, v:1, k:fup@casais, mode:FULL, rate:50, size:41
2026-06-01 17:53:04, MOVE, v:1, k:fup@casais, mode:PICK
2026-06-01 17:53:05, EXEC, v:1, k:fup@casais, mode:FULL, rate:50
2026-06-01 17:53:05, MOVE, v:1, k:fup@casais, mode:EDIT
2026-06-01 17:57:25, MOVE, v:1, k:fup@casais, mode:EDIT
2026-06-01 18:02:33, MOVE, v:1, k:fup@casais, mode:EDIT
2026-06-01 18:04:08, EXEC, v:1, k:fup@casais, mode:FULL, size:35, fail:COMP
2026-06-01 18:04:34, EXEC, v:1, k:fup@casais, mode:FULL, size:23, fail:COMP
2026-06-01 18:04:38, MOVE, v:1, k:fup@casais, mode:EDIT
2026-06-01 18:11:45, EXEC, v:1, k:fup@casais, mode:FULL, rate:100, size:50
2026-06-01 18:12:49, MOVE, v:1, k:fup@casais, mode:EDIT
2026-06-01 18:11:45, MOVE, v:1, k:fup@casais, mode:EDIT
2026-06-01 18:14:17, MOVE, v:1, k:fup@casais, mode:BACK
2026-06-01 18:14:28, MOVE, v:1, k:fup@poco, mode:PICK
2026-06-01 18:14:29, EXEC, v:1, k:fup@poco, mode:FULL, rate:0, size:6
2026-06-01 18:15:42, EXEC, v:1, k:fup@poco, mode:FULL, size:25, fail:COMP
2026-06-01 18:16:30, EXEC, v:1, k:fup@poco, mode:FULL, rate:100, size:31
2026-06-01 18:16:36, MOVE, v:1, k:fup@poco, mode:BACK
2026-06-01 18:16:54, SELF, v:1, k:fup@poco, self:1, rate:100, study:2
2026-06-01 18:17:22, MOVE, v:1, k:fup@casais, mode:PICK
2026-06-01 18:17:24, EXEC, v:1, k:fup@casais, mode:FULL, rate:100, size:42
2026-06-01 18:17:46, MOVE, v:1, k:fup@casais, mode:EDIT
2026-06-01 18:16:30, MOVE, v:1, k:fup@poco, mode:EDIT
2026-06-01 18:16:29, MOVE, v:1, k:fup@poco, mode:EDIT
2026-06-01 18:17:24, MOVE, v:1, k:fup@casais, mode:EDIT
2026-06-01 18:19:01, MOVE, v:1, k:fup@casais, mode:BACK
2026-06-01 18:19:32, SELF, v:1, k:fup@casais, self:1, rate:100, study:77
