2026-04-06 15:54:13, MOVE, v:1, k:fup@tv, mode:PICK
2026-04-06 15:54:15, EXEC, v:1, k:fup@tv, mode:FULL, rate:0
2026-04-06 15:54:15, EXEC, v:1, k:fup@tv, mode:FULL, rate:0
2026-04-06 15:54:50, MOVE, v:1, k:fup@tv, mode:BACK
2026-04-06 15:55:01, MOVE, v:1, k:fup@tv, mode:PICK
2026-04-06 15:55:02, EXEC, v:1, k:fup@tv, mode:FULL, rate:0
2026-04-06 16:10:13, EXEC, v:1, k:fup@tv, mode:FULL, rate:0, size:12
2026-04-06 16:10:39, EXEC, v:1, k:fup@tv, mode:FULL, rate:16, size:13
2026-04-06 16:14:31, EXEC, v:1, k:fup@tv, mode:FULL, rate:16, size:15
2026-04-06 16:42:49, EXEC, v:1, k:fup@tv, mode:FULL, size:13, fail:COMP
2026-04-06 16:42:59, EXEC, v:1, k:fup@tv, mode:FULL, rate:16, size:13
2026-04-06 16:47:14, EXEC, v:1, k:fup@tv, mode:FULL, rate:16, size:15
2026-04-06 16:48:08, EXEC, v:1, k:fup@tv, mode:FULL, rate:33, size:16
2026-04-06 16:49:21, EXEC, v:1, k:fup@tv, mode:FULL, rate:50, size:19
2026-04-06 16:49:53, EXEC, v:1, k:fup@tv, mode:FULL, rate:66, size:22
2026-04-06 16:50:50, EXEC, v:1, k:fup@tv, mode:FULL, rate:83, size:25
2026-04-06 16:51:27, EXEC, v:1, k:fup@tv, mode:FULL, rate:83, size:28
2026-04-06 16:53:29, EXEC, v:1, k:fup@tv, mode:FULL, rate:100, size:40
2026-04-06 16:54:47, MOVE, v:1, k:fup@tv, mode:BACK
2026-04-06 16:55:55, SELF, v:1, k:fup@tv, self:1, rate:100, study:74
2026-04-06 16:57:18, MOVE, v:1, k:fup@ceu, mode:DOWN
2026-04-06 16:57:19, MOVE, v:1, k:fup@ceu, mode:PICK
2026-04-06 16:57:21, EXEC, v:1, k:fup@ceu, mode:FULL, rate:0, size:5
2026-04-06 17:08:18, MOVE, v:1, k:fup@ceu, mode:BACK
2026-04-06 17:09:32, MOVE, v:1, k:fup@pares, mode:PICK
2026-04-06 17:09:33, EXEC, v:1, k:fup@pares, mode:FULL, rate:100
2026-04-06 17:09:35, EXEC, v:1, k:fup@pares, mode:FULL, rate:100
2026-04-06 17:09:38, MOVE, v:1, k:fup@pares, mode:BACK
2026-04-06 17:37:39, MOVE, v:1, k:fup@ceu, mode:PICK
2026-04-06 17:37:40, EXEC, v:1, k:fup@ceu, mode:FULL, rate:0, size:7
2026-04-06 17:42:06, EXEC, v:1, k:fup@ceu, mode:FULL, size:14, fail:COMP
2026-04-06 17:42:12, EXEC, v:1, k:fup@ceu, mode:FULL, size:14, fail:COMP
2026-04-06 17:42:20, EXEC, v:1, k:fup@ceu, mode:FULL, rate:0, size:13
2026-04-06 17:42:35, EXEC, v:1, k:fup@ceu, mode:FULL, rate:0, size:13
2026-04-06 17:43:18, EXEC, v:1, k:fup@ceu, mode:FULL, rate:0, size:15
2026-04-06 17:43:38, EXEC, v:1, k:fup@ceu, mode:FULL, rate:20, size:15
2026-04-06 17:46:44, EXEC, v:1, k:fup@ceu, mode:FULL, size:17, fail:COMP
2026-04-06 17:47:08, EXEC, v:1, k:fup@ceu, mode:FULL, size:17, fail:COMP
2026-04-06 17:47:37, EXEC, v:1, k:fup@ceu, mode:FULL, size:17, fail:COMP
2026-04-06 17:47:40, EXEC, v:1, k:fup@ceu, mode:FULL, fail:COMP
2026-04-06 17:47:46, EXEC, v:1, k:fup@ceu, mode:FULL, fail:COMP
2026-04-06 17:48:00, EXEC, v:1, k:fup@ceu, mode:FULL, rate:0, size:17
2026-04-06 17:48:15, EXEC, v:1, k:fup@ceu, mode:FULL, rate:0
2026-04-06 17:48:25, EXEC, v:1, k:fup@ceu, mode:FULL, rate:0, size:16
2026-04-06 17:48:48, EXEC, v:1, k:fup@ceu, mode:FULL, rate:0, size:14
2026-04-06 17:49:08, EXEC, v:1, k:fup@ceu, mode:FULL, size:10, fail:COMP
2026-04-06 17:49:26, EXEC, v:1, k:fup@ceu, mode:FULL, size:8, fail:COMP
2026-04-06 17:49:58, EXEC, v:1, k:fup@ceu, mode:FULL, rate:0, size:12
2026-04-06 17:51:05, EXEC, v:1, k:fup@ceu, mode:FULL, rate:20, size:13
2026-04-06 17:57:03, EXEC, v:1, k:fup@ceu, mode:FULL, size:45, fail:COMP
2026-04-06 17:57:55, EXEC, v:1, k:fup@ceu, mode:FULL, rate:0, size:44
2026-04-06 18:00:00, EXEC, v:1, k:fup@ceu, mode:FULL, rate:0, size:35
2026-04-06 18:09:50, EXEC, v:1, k:fup@ceu, mode:FULL, rate:0, size:19
2026-04-06 18:10:00, EXEC, v:1, k:fup@ceu, mode:FULL, rate:0, size:19
2026-04-06 18:10:12, EXEC, v:1, k:fup@ceu, mode:FULL, rate:0, size:19
2026-04-06 18:10:21, EXEC, v:1, k:fup@ceu, mode:FULL, rate:0, size:19
2026-04-06 18:10:41, EXEC, v:1, k:fup@ceu, mode:FULL, rate:0, size:20
2026-04-06 18:11:01, EXEC, v:1, k:fup@ceu, mode:FULL, rate:20, size:21
2026-04-06 18:11:13, EXEC, v:1, k:fup@ceu, mode:FULL, rate:100, size:21
2026-04-06 18:18:13, EXEC, v:1, k:fup@ceu, mode:FULL, rate:0, size:22
2026-04-06 18:18:26, EXEC, v:1, k:fup@ceu, mode:FULL, size:24, fail:COMP
2026-04-06 18:18:49, EXEC, v:1, k:fup@ceu, mode:FULL, rate:100, size:24
2026-04-06 18:18:55, MOVE, v:1, k:fup@ceu, mode:BACK
2026-04-06 18:20:25, SELF, v:1, k:fup@ceu, self:1, rate:100, study:52, friend:Hanna, concept:1, refactor:1
2026-04-06 18:21:06, MOVE, v:1, k:fup@esconde, mode:DOWN
2026-04-06 18:21:08, MOVE, v:1, k:fup@esconde, mode:PICK
2026-04-06 18:21:22, EXEC, v:1, k:fup@esconde, mode:FULL, rate:0, size:5
2026-04-06 18:27:02, MOVE, v:1, k:fup@esconde, mode:BACK
