2026-06-23 13:00:00, MOVE, v:1, k:fup@jokenpo15, mode:DOWN
2026-06-23 13:00:01, MOVE, v:1, k:fup@jokenpo15, mode:PICK
2026-06-23 13:00:03, EXEC, v:1, k:fup@jokenpo15, mode:FULL, rate:0, size:5
2026-06-23 13:00:00, MOVE, v:1, k:fup@jokenpo15, mode:EDIT
2026-06-23 13:00:00, MOVE, v:1, k:fup@jokenpo15, mode:EDIT
2026-06-23 13:00:03, MOVE, v:1, k:fup@jokenpo15, mode:EDIT
2026-06-23 13:07:11, MOVE, v:1, k:fup@jokenpo15, mode:EDIT
2026-06-23 13:12:54, MOVE, v:1, k:fup@jokenpo15, mode:EDIT
2026-06-23 13:13:59, EXEC, v:1, k:fup@jokenpo15, mode:FULL, size:8, fail:COMP
2026-06-23 13:17:09, EXEC, v:1, k:fup@jokenpo15, mode:FULL, rate:0, size:16
2026-06-23 13:17:24, EXEC, v:1, k:fup@jokenpo15, mode:FULL, rate:91, size:16
2026-06-23 13:17:50, EXEC, v:1, k:fup@jokenpo15, mode:FULL, rate:100, size:16
2026-06-23 13:17:51, MOVE, v:1, k:fup@jokenpo15, mode:BACK
2026-06-23 13:18:31, SELF, v:1, k:fup@jokenpo15, self:1, rate:100, study:17
2026-06-23 13:17:33, MOVE, v:1, k:fup@jokenpo15, mode:EDIT
2026-06-23 13:17:50, MOVE, v:1, k:fup@jokenpo15, mode:EDIT
2026-06-23 13:19:20, MOVE, v:1, k:fup@sopa, mode:DOWN
2026-06-23 13:19:22, MOVE, v:1, k:fup@sopa, mode:PICK
2026-06-23 13:19:24, EXEC, v:1, k:fup@sopa, mode:FULL, rate:0, size:5
2026-06-23 13:19:20, MOVE, v:1, k:fup@sopa, mode:EDIT
2026-06-23 13:19:23, MOVE, v:1, k:fup@sopa, mode:EDIT
2026-06-23 13:23:43, MOVE, v:1, k:fup@sopa, mode:EDIT
2026-06-23 13:28:33, EXEC, v:1, k:fup@sopa, mode:FULL, rate:0, size:16
2026-06-23 13:28:33, MOVE, v:1, k:fup@sopa, mode:EDIT
2026-06-23 13:28:33, MOVE, v:1, k:fup@sopa, mode:EDIT
2026-06-23 13:29:06, EXEC, v:1, k:fup@sopa, mode:FULL, rate:10, size:18
2026-06-23 13:29:58, EXEC, v:1, k:fup@sopa, mode:FULL, rate:10, size:23
2026-06-23 13:33:22, EXEC, v:1, k:fup@sopa, mode:FULL, rate:0, size:17
2026-06-23 13:33:21, MOVE, v:1, k:fup@sopa, mode:EDIT
2026-06-23 13:33:22, MOVE, v:1, k:fup@sopa, mode:EDIT
2026-06-23 13:34:06, EXEC, v:1, k:fup@sopa, mode:FULL, rate:10, size:17
2026-06-23 13:35:53, EXEC, v:1, k:fup@sopa, mode:FULL, rate:10, size:17
2026-06-23 13:36:50, EXEC, v:1, k:fup@sopa, mode:FULL, rate:10, size:22
2026-06-23 13:37:17, EXEC, v:1, k:fup@sopa, mode:FULL, rate:100, size:22
2026-06-23 13:37:20, MOVE, v:1, k:fup@sopa, mode:BACK
2026-06-23 13:37:35, SELF, v:1, k:fup@sopa, self:1, rate:100, study:18
2026-06-23 13:37:53, MOVE, v:1, k:fup@digitos, mode:DOWN
2026-06-23 13:37:56, MOVE, v:1, k:fup@digitos, mode:PICK
2026-06-23 13:37:57, EXEC, v:1, k:fup@digitos, mode:FULL, rate:0, size:5
2026-06-23 13:37:16, MOVE, v:1, k:fup@sopa, mode:EDIT
2026-06-23 13:37:17, MOVE, v:1, k:fup@sopa, mode:EDIT
2026-06-23 13:37:53, MOVE, v:1, k:fup@digitos, mode:EDIT
2026-06-23 13:37:57, MOVE, v:1, k:fup@digitos, mode:EDIT
2026-06-23 13:41:16, MOVE, v:1, k:fup@digitos, mode:EDIT
2026-06-23 13:53:34, MOVE, v:1, k:fup@digitos, mode:EDIT
2026-06-23 13:54:53, EXEC, v:1, k:fup@digitos, mode:FULL, rate:91, size:27
2026-06-23 13:55:32, EXEC, v:1, k:fup@digitos, mode:FULL, rate:91, size:27
2026-06-23 13:56:09, EXEC, v:1, k:fup@digitos, mode:FULL, rate:91, size:27
2026-06-23 13:56:18, EXEC, v:1, k:fup@digitos, mode:FULL, rate:100, size:27
2026-06-23 13:56:21, MOVE, v:1, k:fup@digitos, mode:BACK
2026-06-23 13:56:32, SELF, v:1, k:fup@digitos, self:1, rate:100, study:18
2026-06-23 13:56:17, MOVE, v:1, k:fup@digitos, mode:EDIT
2026-06-23 13:56:18, MOVE, v:1, k:fup@digitos, mode:EDIT
