2026-03-26 12:02:40, MOVE, v:1, k:fup@data, mode:PICK
2026-03-26 12:02:40, MOVE, v:1, k:fup@data, mode:BACK
2026-03-26 12:11:28, MOVE, v:1, k:fup@data, mode:PICK
2026-03-26 12:11:35, EXEC, v:1, k:fup@data, mode:FULL, size:9, fail:COMP
2026-03-26 12:27:53, EXEC, v:1, k:fup@data, mode:FULL, size:19, fail:COMP
2026-03-26 12:27:53, EXEC, v:1, k:fup@data, mode:FULL, size:19, fail:COMP
2026-03-26 12:27:53, EXEC, v:1, k:fup@data, mode:FULL, size:19, fail:COMP
2026-03-26 12:27:53, EXEC, v:1, k:fup@data, mode:FULL, size:19, fail:COMP
2026-03-26 12:31:27, EXEC, v:1, k:fup@data, mode:FULL, size:19, fail:COMP
2026-03-26 12:31:57, EXEC, v:1, k:fup@data, mode:FULL, fail:COMP
2026-03-26 12:53:15, EXEC, v:1, k:fup@data, mode:FULL, fail:COMP
2026-03-26 12:53:19, EXEC, v:1, k:fup@data, mode:FULL, fail:COMP
2026-03-26 12:53:47, EXEC, v:1, k:fup@data, mode:FULL, fail:COMP
2026-03-26 12:55:05, EXEC, v:1, k:fup@data, mode:FULL, fail:COMP
2026-03-26 12:55:07, EXEC, v:1, k:fup@data, mode:FULL, fail:COMP
2026-03-26 12:55:46, MOVE, v:1, k:fup@data, mode:BACK
2026-03-26 12:55:48, MOVE, v:1, k:fup@data, mode:PICK
2026-03-26 12:55:50, EXEC, v:1, k:fup@data, mode:FULL, fail:COMP
2026-03-26 12:59:46, EXEC, v:1, k:fup@data, mode:FULL, fail:COMP
2026-03-26 12:59:56, EXEC, v:1, k:fup@data, mode:FULL, fail:COMP
2026-03-26 12:59:56, EXEC, v:1, k:fup@data, mode:FULL, fail:COMP
2026-03-26 12:59:57, EXEC, v:1, k:fup@data, mode:FULL, fail:COMP
2026-03-26 12:59:57, EXEC, v:1, k:fup@data, mode:FULL, fail:COMP
2026-03-26 13:00:16, EXEC, v:1, k:fup@data, mode:FULL, fail:COMP
2026-03-26 13:00:46, EXEC, v:1, k:fup@data, mode:FULL, fail:COMP
2026-03-26 13:00:54, MOVE, v:1, k:fup@data, mode:BACK
2026-03-26 13:01:02, MOVE, v:1, k:fup@data, mode:PICK
2026-03-26 13:01:15, EXEC, v:1, k:fup@data, mode:FULL, fail:COMP
2026-03-26 13:01:43, EXEC, v:1, k:fup@data, mode:FREE
2026-03-26 13:03:09, EXEC, v:1, k:fup@data, mode:FREE
2026-03-26 13:03:25, EXEC, v:1, k:fup@data, mode:FULL, fail:COMP
2026-03-26 13:09:05, EXEC, v:1, k:fup@data, mode:FULL, fail:COMP
2026-03-26 13:09:21, MOVE, v:1, k:fup@data, mode:BACK
2026-03-26 15:27:02, MOVE, v:1, k:fup@data, mode:PICK
2026-03-26 15:27:09, EXEC, v:1, k:fup@data, mode:FULL, rate:0, size:11
2026-03-26 15:28:05, EXEC, v:1, k:fup@data, mode:FULL, rate:0, size:9
2026-03-26 15:29:20, EXEC, v:1, k:fup@data, mode:FULL, rate:0, size:9
2026-03-26 15:29:38, EXEC, v:1, k:fup@data, mode:FULL, rate:0, size:9
2026-03-26 15:29:55, MOVE, v:1, k:fup@data, mode:BACK
2026-03-26 15:33:14, SELF, v:1, k:fup@data, self:1, study:135, friend:Sim, Hanna, concept:1, code:1
2026-03-26 15:33:26, SELF, v:1, k:fup@data, self:1, study:135, friend:Sim, Hanna, concept:1, code:1
2026-03-26 15:35:12, MOVE, v:1, k:fup@impar, mode:DOWN
2026-03-26 15:35:14, MOVE, v:1, k:fup@impar, mode:PICK
2026-03-26 15:35:15, EXEC, v:1, k:fup@impar, mode:FULL, rate:0, size:5
2026-03-26 15:47:23, EXEC, v:1, k:fup@impar, mode:FULL, size:17, fail:COMP
2026-03-26 15:47:59, EXEC, v:1, k:fup@impar, mode:FULL, rate:100, size:17
2026-03-26 15:48:10, MOVE, v:1, k:fup@impar, mode:BACK
2026-03-26 15:48:35, SELF, v:1, k:fup@impar, self:1, rate:100, study:12, friend:Nao
2026-03-26 15:49:47, SELF, v:1, k:fup@data, self:1, study:135, friend:Sim, concept:1, code:1
2026-03-26 15:50:10, SELF, v:1, k:fup@data, self:1, study:135, friend:Sim, concept:1, code:1
2026-03-26 15:51:16, SELF, v:1, k:fup@data, self:1, study:135, friend:Sim, concept:1, code:1
2026-03-26 15:52:40, MOVE, v:1, k:fup@loop_i, mode:DOWN
2026-03-26 15:52:42, MOVE, v:1, k:fup@loop_i, mode:PICK
2026-03-26 15:52:43, EXEC, v:1, k:fup@loop_i, mode:FULL, rate:0, size:5
2026-03-26 15:58:07, EXEC, v:1, k:fup@loop_i, mode:FULL, size:9, fail:COMP
2026-03-26 15:58:48, EXEC, v:1, k:fup@loop_i, mode:FULL, size:10, fail:COMP
2026-03-26 15:59:20, EXEC, v:1, k:fup@loop_i, mode:FULL, size:12, fail:COMP
2026-03-26 16:01:26, EXEC, v:1, k:fup@loop_i, mode:FULL, size:12, fail:COMP
2026-03-26 16:04:03, EXEC, v:1, k:fup@loop_i, mode:FULL, size:10, fail:COMP
2026-03-26 16:05:15, EXEC, v:1, k:fup@loop_i, mode:FULL, rate:100, size:9
2026-03-26 16:05:31, MOVE, v:1, k:fup@loop_i, mode:BACK
2026-03-26 16:05:52, SELF, v:1, k:fup@loop_i, self:1, rate:100, study:12, friend:Nao
