2026-05-11 16:35:47, MOVE, v:1, k:fup@concentra, mode:PICK
2026-05-11 16:35:49, EXEC, v:1, k:fup@concentra, mode:FULL, fail:COMP
2026-05-11 16:37:54, EXEC, v:1, k:fup@concentra, mode:FULL, size:3, fail:COMP
2026-05-11 16:38:21, MOVE, v:1, k:fup@concentra, mode:EDIT
2026-05-11 16:45:00, MOVE, v:1, k:fup@concentra, mode:EDIT
2026-05-11 16:49:58, MOVE, v:1, k:fup@concentra, mode:EDIT
2026-05-11 16:50:41, EXEC, v:1, k:fup@concentra, mode:FULL, rate:0, size:17
2026-05-11 16:51:28, EXEC, v:1, k:fup@concentra, mode:FULL, rate:0
2026-05-11 16:54:00, EXEC, v:1, k:fup@concentra, mode:FULL, rate:0, size:17
2026-05-11 16:54:12, EXEC, v:1, k:fup@concentra, mode:FULL, rate:100, size:17
2026-05-11 16:54:20, MOVE, v:1, k:fup@concentra, mode:BACK
2026-05-11 16:54:11, MOVE, v:1, k:fup@concentra, mode:EDIT
2026-05-11 16:54:12, MOVE, v:1, k:fup@concentra, mode:EDIT
2026-05-11 16:55:04, SELF, v:1, k:fup@concentra, self:1, rate:100, study:32
2026-05-11 16:55:19, MOVE, v:1, k:fup@dindin, mode:PICK
2026-05-11 16:55:21, EXEC, v:1, k:fup@dindin, mode:FULL, rate:0
2026-05-11 16:55:26, EXEC, v:1, k:fup@dindin, mode:FULL, rate:0
2026-05-11 16:56:36, MOVE, v:1, k:fup@dindin, mode:BACK
2026-05-11 16:56:39, MOVE, v:1, k:fup@dindin, mode:PICK
2026-05-11 16:56:40, EXEC, v:1, k:fup@dindin, mode:FULL, rate:0
2026-05-11 16:56:40, MOVE, v:1, k:fup@dindin, mode:EDIT
2026-05-11 16:59:48, MOVE, v:1, k:fup@dindin, mode:EDIT
2026-05-11 17:04:47, EXEC, v:1, k:fup@dindin, mode:FULL, rate:0, size:12
2026-05-11 17:04:15, MOVE, v:1, k:fup@dindin, mode:EDIT
2026-05-11 17:04:47, MOVE, v:1, k:fup@dindin, mode:EDIT
2026-05-11 17:09:58, MOVE, v:1, k:fup@dindin, mode:EDIT
2026-05-11 17:14:20, EXEC, v:1, k:fup@dindin, mode:FULL, size:12, fail:COMP
2026-05-11 17:15:01, MOVE, v:1, k:fup@dindin, mode:EDIT
2026-05-11 17:16:28, EXEC, v:1, k:fup@dindin, mode:FULL, size:16, fail:COMP
2026-05-11 17:18:38, EXEC, v:1, k:fup@dindin, mode:FULL, size:14, fail:COMP
2026-05-11 17:18:46, EXEC, v:1, k:fup@dindin, mode:FULL, size:12, fail:COMP
2026-05-11 17:18:45, MOVE, v:1, k:fup@dindin, mode:EDIT
2026-05-11 17:25:02, MOVE, v:1, k:fup@dindin, mode:EDIT
2026-05-11 17:26:51, EXEC, v:1, k:fup@dindin, mode:FULL, size:18, fail:COMP
2026-05-11 17:29:39, EXEC, v:1, k:fup@dindin, mode:FULL, size:22, fail:COMP
2026-05-11 17:29:53, MOVE, v:1, k:fup@dindin, mode:BACK
2026-05-11 17:29:34, MOVE, v:1, k:fup@dindin, mode:EDIT
2026-05-11 17:30:03, MOVE, v:1, k:fup@dindin, mode:PICK
2026-05-11 17:30:17, MOVE, v:1, k:fup@dindin, mode:BACK
2026-05-11 17:30:38, MOVE, v:1, k:fup@dindin, mode:PICK
2026-05-11 17:30:40, EXEC, v:1, k:fup@dindin, mode:FULL, fail:COMP
2026-05-11 17:34:55, MOVE, v:1, k:fup@dindin, mode:EDIT
2026-05-11 17:40:02, MOVE, v:1, k:fup@dindin, mode:EDIT
2026-05-11 17:43:10, EXEC, v:1, k:fup@dindin, mode:FULL, size:38, fail:COMP
2026-05-11 17:43:39, EXEC, v:1, k:fup@dindin, mode:FULL, size:37, fail:COMP
2026-05-11 17:44:36, EXEC, v:1, k:fup@dindin, mode:FULL, rate:50, size:43
2026-05-11 17:44:59, MOVE, v:1, k:fup@dindin, mode:EDIT
2026-05-11 17:44:36, MOVE, v:1, k:fup@dindin, mode:EDIT
2026-05-11 17:45:43, EXEC, v:1, k:fup@dindin, mode:FULL, size:45, fail:COMP
2026-05-11 17:45:55, EXEC, v:1, k:fup@dindin, mode:FULL, size:45, fail:COMP
2026-05-11 17:46:22, EXEC, v:1, k:fup@dindin, mode:FULL, rate:50, size:45
2026-05-11 17:47:19, EXEC, v:1, k:fup@dindin, mode:FULL, rate:50, size:43
2026-05-11 17:48:12, EXEC, v:1, k:fup@dindin, mode:FULL, rate:50, size:45
2026-05-11 17:49:46, EXEC, v:1, k:fup@dindin, mode:FULL, rate:50, size:43
2026-05-11 17:49:46, MOVE, v:1, k:fup@dindin, mode:EDIT
2026-05-11 17:49:46, MOVE, v:1, k:fup@dindin, mode:EDIT
2026-05-11 17:50:23, EXEC, v:1, k:fup@dindin, mode:FULL, rate:50, size:45
2026-05-11 17:51:06, EXEC, v:1, k:fup@dindin, mode:FULL, rate:50, size:45
2026-05-11 17:51:05, MOVE, v:1, k:fup@dindin, mode:EDIT
2026-05-11 17:51:06, MOVE, v:1, k:fup@dindin, mode:EDIT
2026-05-11 17:58:51, EXEC, v:1, k:fup@dindin, mode:FULL, rate:50
2026-05-11 17:58:51, MOVE, v:1, k:fup@dindin, mode:EDIT
2026-05-11 18:01:03, EXEC, v:1, k:fup@dindin, mode:FULL, rate:100, size:45
2026-05-11 18:01:15, MOVE, v:1, k:fup@dindin, mode:BACK
2026-05-11 18:01:30, MOVE, v:1, k:fup@dindin, mode:PICK
2026-05-11 18:01:31, MOVE, v:1, k:fup@dindin, mode:BACK
2026-05-11 18:01:51, SELF, v:1, k:fup@dindin, self:1, rate:100, study:67
2026-05-11 18:01:57, MOVE, v:1, k:fup@dindin, mode:PICK
2026-05-11 18:01:58, EXEC, v:1, k:fup@dindin, mode:FULL, rate:100
2026-05-11 18:01:59, MOVE, v:1, k:fup@dindin, mode:BACK
2026-05-11 18:02:23, MOVE, v:1, k:fup@fuga, mode:DOWN
2026-05-11 18:02:25, MOVE, v:1, k:fup@fuga, mode:PICK
2026-05-11 18:02:26, EXEC, v:1, k:fup@fuga, mode:FULL, rate:0, size:5
2026-05-11 18:01:02, MOVE, v:1, k:fup@dindin, mode:EDIT
2026-05-11 18:01:58, MOVE, v:1, k:fup@dindin, mode:EDIT
2026-05-11 18:02:23, MOVE, v:1, k:fup@fuga, mode:EDIT
2026-05-11 18:02:23, MOVE, v:1, k:fup@fuga, mode:EDIT
2026-05-11 18:02:23, MOVE, v:1, k:fup@fuga, mode:EDIT
2026-05-11 18:02:26, MOVE, v:1, k:fup@fuga, mode:EDIT
2026-05-11 18:06:01, MOVE, v:1, k:fup@fuga, mode:BACK
