2026-03-18 00:48:51, MOVE, v:1, k:fup@pintando, mode:PICK
2026-03-18 00:48:58, EXEC, v:1, k:fup@pintando, mode:FULL, fail:COMP
2026-03-18 00:48:58, EXEC, v:1, k:fup@pintando, mode:FULL, fail:COMP
2026-03-18 00:49:00, EXEC, v:1, k:fup@pintando, mode:FULL, fail:COMP
2026-03-18 00:53:20, EXEC, v:1, k:fup@pintando, mode:FULL, rate:0, size:10
2026-03-18 00:55:33, EXEC, v:1, k:fup@pintando, mode:FULL, rate:25, size:10
2026-03-18 00:58:15, EXEC, v:1, k:fup@pintando, mode:FULL, size:10, fail:COMP
2026-03-18 01:02:50, EXEC, v:1, k:fup@pintando, mode:FULL, size:14, fail:COMP
2026-03-18 01:03:08, EXEC, v:1, k:fup@pintando, mode:FULL, rate:100, size:14
2026-03-18 01:03:40, MOVE, v:1, k:fup@pintando, mode:BACK
2026-03-18 01:04:33, SELF, v:1, k:fup@pintando, self:1, rate:100, study:25, friend:Nao
2026-03-18 01:05:17, MOVE, v:1, k:fup@bala, mode:DOWN
2026-03-18 01:05:20, MOVE, v:1, k:fup@bala, mode:PICK
2026-03-18 01:05:21, EXEC, v:1, k:fup@bala, mode:FULL, rate:0, size:5
2026-03-18 01:05:26, MOVE, v:1, k:fup@bala, mode:BACK
2026-03-18 01:08:45, MOVE, v:1, k:fup@bala, mode:PICK
2026-03-18 01:08:47, EXEC, v:1, k:fup@bala, mode:FULL, rate:0
2026-03-18 01:20:30, EXEC, v:1, k:fup@bala, mode:FULL, size:13, fail:COMP
2026-03-18 01:20:30, EXEC, v:1, k:fup@bala, mode:FULL, size:13, fail:COMP
2026-03-18 01:22:43, EXEC, v:1, k:fup@bala, mode:FULL, rate:16, size:13
2026-03-18 13:05:23, MOVE, v:1, k:fup@bala, mode:PICK
2026-03-18 13:05:29, EXEC, v:1, k:fup@bala, mode:FULL, rate:16
2026-03-18 13:06:14, EXEC, v:1, k:fup@bala, mode:FULL, rate:16
2026-03-18 13:07:17, EXEC, v:1, k:fup@bala, mode:FULL, rate:16, size:13
2026-03-18 13:33:05, EXEC, v:1, k:fup@bala, mode:FULL, rate:16, size:13
2026-03-18 13:39:17, EXEC, v:1, k:fup@bala, mode:FULL, size:13, fail:COMP
2026-03-18 13:39:55, EXEC, v:1, k:fup@bala, mode:FULL, rate:100, size:13
2026-03-18 13:40:14, MOVE, v:1, k:fup@bala, mode:BACK
2026-03-18 13:41:13, SELF, v:1, k:fup@bala, self:1, rate:100, study:52, friend:Nao, concept:1
2026-03-18 13:41:55, MOVE, v:1, k:fup@abs, mode:DOWN
2026-03-18 13:41:57, MOVE, v:1, k:fup@abs, mode:PICK
2026-03-18 13:42:03, EXEC, v:1, k:fup@abs, mode:FULL, rate:0, size:5
2026-03-18 13:42:52, MOVE, v:1, k:fup@abs, mode:BACK
