2026-04-01 13:48:37, MOVE, v:1, k:fup@maximo, mode:DOWN
2026-04-01 13:48:38, MOVE, v:1, k:fup@maximo, mode:PICK
2026-04-01 13:48:48, EXEC, v:1, k:fup@maximo, mode:FULL, rate:0, size:5
2026-04-01 13:53:25, EXEC, v:1, k:fup@maximo, mode:FULL, rate:100, size:12
2026-04-01 13:53:28, MOVE, v:1, k:fup@maximo, mode:BACK
2026-04-01 13:53:45, SELF, v:1, k:fup@maximo, self:1, rate:100, study:4
2026-04-01 13:58:00, MOVE, v:1, k:fup@filhos, mode:DOWN
2026-04-01 13:58:01, MOVE, v:1, k:fup@filhos, mode:PICK
2026-04-01 13:58:02, EXEC, v:1, k:fup@filhos, mode:FULL, rate:0, size:5
2026-04-01 14:05:50, EXEC, v:1, k:fup@filhos, mode:FULL, rate:0, size:10
2026-04-01 14:05:50, EXEC, v:1, k:fup@filhos, mode:FULL, rate:0, size:10
2026-04-01 14:06:03, EXEC, v:1, k:fup@filhos, mode:FULL, rate:0, size:10
2026-04-01 14:06:26, EXEC, v:1, k:fup@filhos, mode:FULL, rate:0
2026-04-01 14:09:12, EXEC, v:1, k:fup@filhos, mode:FULL, rate:0, size:10
2026-04-01 14:10:19, EXEC, v:1, k:fup@filhos, mode:FULL, size:11, fail:COMP
2026-04-01 14:10:36, EXEC, v:1, k:fup@filhos, mode:FULL, rate:0, size:11
2026-04-01 14:11:14, MOVE, v:1, k:fup@filhos, mode:BACK
2026-04-01 14:18:52, MOVE, v:1, k:fup@semana, mode:PICK
2026-04-01 14:18:53, EXEC, v:1, k:fup@semana, mode:FULL, fail:COMP
2026-04-01 14:18:56, EXEC, v:1, k:fup@semana, mode:FULL, fail:COMP
2026-04-01 14:21:25, EXEC, v:1, k:fup@semana, mode:FULL, size:26, fail:COMP
2026-04-01 14:25:00, EXEC, v:1, k:fup@semana, mode:FULL, rate:94, size:25
2026-04-01 14:27:53, EXEC, v:1, k:fup@semana, mode:FULL, rate:36, size:26
2026-04-01 14:29:43, EXEC, v:1, k:fup@semana, mode:FULL, rate:100, size:28
2026-04-01 14:29:44, MOVE, v:1, k:fup@semana, mode:BACK
2026-04-01 14:30:03, SELF, v:1, k:fup@semana, self:1, rate:100, study:24
2026-04-01 14:30:30, MOVE, v:1, k:fup@varetas, mode:DOWN
2026-04-01 14:30:31, MOVE, v:1, k:fup@varetas, mode:PICK
2026-04-01 14:30:34, EXEC, v:1, k:fup@varetas, mode:FULL, rate:0, size:5
2026-04-01 14:37:08, MOVE, v:1, k:fup@varetas, mode:BACK
