2026-05-18 16:57:02, MOVE, v:1, k:fup@batraquios, mode:DOWN
2026-05-18 16:57:04, MOVE, v:1, k:fup@batraquios, mode:PICK
2026-05-18 16:57:10, EXEC, v:1, k:fup@batraquios, mode:FULL, rate:0, size:5
2026-05-18 16:57:10, EXEC, v:1, k:fup@batraquios, mode:FULL, rate:0, size:5
2026-05-18 16:57:02, MOVE, v:1, k:fup@batraquios, mode:EDIT
2026-05-18 16:57:02, MOVE, v:1, k:fup@batraquios, mode:EDIT
2026-05-18 16:57:30, MOVE, v:1, k:fup@batraquios, mode:EDIT
2026-05-18 16:57:10, MOVE, v:1, k:fup@batraquios, mode:EDIT
2026-05-18 17:03:22, MOVE, v:1, k:fup@batraquios, mode:BACK
2026-05-18 17:03:29, MOVE, v:1, k:fup@batraquios, mode:PICK
2026-05-18 17:03:30, EXEC, v:1, k:fup@batraquios, mode:FULL, size:5, fail:COMP
2026-05-18 17:03:31, EXEC, v:1, k:fup@batraquios, mode:FULL, fail:COMP
2026-05-18 17:04:32, MOVE, v:1, k:fup@batraquios, mode:BACK
2026-05-18 17:04:36, MOVE, v:1, k:fup@dieta, mode:PICK
2026-05-18 17:04:38, EXEC, v:1, k:fup@dieta, mode:FULL, rate:100, size:20
2026-05-18 17:04:46, MOVE, v:1, k:fup@dieta, mode:BACK
2026-05-18 17:04:52, MOVE, v:1, k:fup@batraquios, mode:PICK
2026-05-18 17:04:53, EXEC, v:1, k:fup@batraquios, mode:FULL, size:5, fail:COMP
2026-05-18 17:06:26, MOVE, v:1, k:fup@batraquios, mode:EDIT
2026-05-18 17:04:38, MOVE, v:1, k:fup@dieta, mode:EDIT
2026-05-18 17:11:28, MOVE, v:1, k:fup@batraquios, mode:EDIT
2026-05-18 17:12:54, EXEC, v:1, k:fup@batraquios, mode:FULL, rate:0, size:15
2026-05-18 17:14:06, EXEC, v:1, k:fup@batraquios, mode:FULL, rate:0, size:18
2026-05-18 17:14:40, EXEC, v:1, k:fup@batraquios, mode:FULL, rate:0, size:18
2026-05-18 17:14:49, EXEC, v:1, k:fup@batraquios, mode:FULL, rate:0, size:18
2026-05-18 17:14:48, MOVE, v:1, k:fup@batraquios, mode:EDIT
2026-05-18 17:14:49, MOVE, v:1, k:fup@batraquios, mode:EDIT
2026-05-18 17:18:44, EXEC, v:1, k:fup@batraquios, mode:FULL, rate:0, size:18
2026-05-18 17:20:43, EXEC, v:1, k:fup@batraquios, mode:FULL, rate:0, size:13
2026-05-18 17:20:42, MOVE, v:1, k:fup@batraquios, mode:EDIT
2026-05-18 17:20:43, MOVE, v:1, k:fup@batraquios, mode:EDIT
2026-05-18 17:23:29, EXEC, v:1, k:fup@batraquios, mode:FULL, rate:0, size:19
2026-05-18 17:25:04, MOVE, v:1, k:fup@batraquios, mode:EDIT
2026-05-18 17:23:29, MOVE, v:1, k:fup@batraquios, mode:EDIT
2026-05-18 17:27:22, MOVE, v:1, k:fup@batraquios, mode:EDIT
2026-05-18 17:34:09, MOVE, v:1, k:fup@batraquios, mode:BACK
2026-05-18 17:34:13, MOVE, v:1, k:fup@repetidos, mode:PICK
2026-05-18 17:34:16, EXEC, v:1, k:fup@repetidos, mode:FULL, rate:100
2026-05-18 17:34:39, MOVE, v:1, k:fup@repetidos, mode:BACK
2026-05-18 17:34:43, MOVE, v:1, k:fup@batraquios, mode:PICK
2026-05-18 17:34:44, EXEC, v:1, k:fup@batraquios, mode:FULL, size:21, fail:COMP
2026-05-18 17:36:07, MOVE, v:1, k:fup@batraquios, mode:EDIT
2026-05-18 17:34:16, MOVE, v:1, k:fup@repetidos, mode:EDIT
2026-05-18 17:37:07, MOVE, v:1, k:fup@batraquios, mode:BACK
2026-05-18 17:37:11, MOVE, v:1, k:fup@repetidos, mode:PICK
2026-05-18 17:37:12, EXEC, v:1, k:fup@repetidos, mode:FULL, rate:100
2026-05-18 17:37:47, MOVE, v:1, k:fup@repetidos, mode:BACK
2026-05-18 17:38:06, MOVE, v:1, k:fup@repetidos, mode:PICK
2026-05-18 17:38:07, MOVE, v:1, k:fup@repetidos, mode:BACK
2026-05-18 17:38:11, MOVE, v:1, k:fup@batraquios, mode:PICK
2026-05-18 17:38:12, EXEC, v:1, k:fup@batraquios, mode:FULL, size:23, fail:COMP
2026-05-18 17:37:12, MOVE, v:1, k:fup@repetidos, mode:EDIT
2026-05-18 17:41:22, MOVE, v:1, k:fup@batraquios, mode:EDIT
2026-05-18 17:46:26, MOVE, v:1, k:fup@batraquios, mode:EDIT
2026-05-18 17:51:03, EXEC, v:1, k:fup@batraquios, mode:FULL, size:38, fail:COMP
2026-05-18 17:51:02, MOVE, v:1, k:fup@batraquios, mode:EDIT
2026-05-18 17:52:21, EXEC, v:1, k:fup@batraquios, mode:FULL, size:43, fail:COMP
2026-05-18 17:54:07, EXEC, v:1, k:fup@batraquios, mode:FULL, rate:0, size:44
2026-05-18 17:55:33, EXEC, v:1, k:fup@batraquios, mode:FULL, rate:57, size:44
2026-05-18 17:55:47, EXEC, v:1, k:fup@batraquios, mode:FULL, rate:100, size:44
2026-05-18 17:55:45, MOVE, v:1, k:fup@batraquios, mode:EDIT
2026-05-18 17:55:47, MOVE, v:1, k:fup@batraquios, mode:EDIT
2026-05-18 18:12:56, MOVE, v:1, k:fup@batraquios, mode:BACK
2026-05-18 18:13:05, MOVE, v:1, k:fup@batraquios, mode:PICK
2026-05-18 18:13:06, EXEC, v:1, k:fup@batraquios, mode:FULL, rate:100
2026-05-18 18:13:07, MOVE, v:1, k:fup@batraquios, mode:BACK
2026-05-18 18:13:31, SELF, v:1, k:fup@batraquios, self:1, rate:100, study:67
2026-05-18 18:14:24, MOVE, v:1, k:fup@lotado, mode:PICK
2026-05-18 18:14:28, EXEC, v:1, k:fup@lotado, mode:FULL, rate:0
2026-05-18 18:14:31, EXEC, v:1, k:fup@lotado, mode:FULL, rate:0
2026-05-18 18:13:06, MOVE, v:1, k:fup@batraquios, mode:EDIT
2026-05-18 18:14:29, MOVE, v:1, k:fup@lotado, mode:EDIT
2026-05-18 18:18:52, EXEC, v:1, k:fup@lotado, mode:FULL, rate:0, size:28
2026-05-18 18:19:41, EXEC, v:1, k:fup@lotado, mode:FULL, size:28, fail:COMP
2026-05-18 18:20:19, EXEC, v:1, k:fup@lotado, mode:FULL, rate:0, size:28
2026-05-18 18:20:17, MOVE, v:1, k:fup@lotado, mode:EDIT
2026-05-18 18:20:17, MOVE, v:1, k:fup@lotado, mode:EDIT
2026-05-18 23:27:33, MOVE, v:1, k:fup@lotado, mode:PICK
2026-05-18 23:27:36, EXEC, v:1, k:fup@lotado, mode:FULL, rate:0
2026-05-18 23:27:34, MOVE, v:1, k:fup@lotado, mode:EDIT
2026-05-18 23:37:08, MOVE, v:1, k:fup@lotado, mode:EDIT
2026-05-18 23:37:47, EXEC, v:1, k:fup@lotado, mode:FULL, rate:0, size:31
2026-05-18 23:37:43, MOVE, v:1, k:fup@lotado, mode:EDIT
2026-05-18 23:37:47, MOVE, v:1, k:fup@lotado, mode:EDIT
2026-05-18 23:43:08, EXEC, v:1, k:fup@lotado, mode:FULL, rate:33, size:31
2026-05-18 23:43:05, MOVE, v:1, k:fup@lotado, mode:EDIT
2026-05-18 23:43:06, MOVE, v:1, k:fup@lotado, mode:EDIT
2026-05-18 23:47:52, EXEC, v:1, k:fup@lotado, mode:FULL, rate:100, size:31
2026-05-18 23:47:50, MOVE, v:1, k:fup@lotado, mode:EDIT
2026-05-18 23:47:52, MOVE, v:1, k:fup@lotado, mode:EDIT
