2026-06-14 12:16:38, MOVE, v:1, k:fup@americano, mode:PICK
2026-06-14 12:16:39, EXEC, v:1, k:fup@americano, mode:FULL, size:12, fail:COMP
2026-06-14 12:15:17, MOVE, v:1, k:fup@americano, mode:EDIT
2026-06-14 12:21:54, MOVE, v:1, k:fup@americano, mode:EDIT
2026-06-14 12:27:25, MOVE, v:1, k:fup@americano, mode:EDIT
2026-06-14 12:30:27, EXEC, v:1, k:fup@americano, mode:FULL, rate:50, size:24
2026-06-14 12:31:15, EXEC, v:1, k:fup@americano, mode:FULL, rate:37, size:24
2026-06-14 12:33:39, MOVE, v:1, k:fup@americano, mode:EDIT
2026-06-14 12:31:15, MOVE, v:1, k:fup@americano, mode:EDIT
2026-06-14 12:33:59, EXEC, v:1, k:fup@americano, mode:FULL, rate:37, size:24
2026-06-14 12:33:58, MOVE, v:1, k:fup@americano, mode:EDIT
2026-06-14 12:33:59, MOVE, v:1, k:fup@americano, mode:EDIT
2026-06-14 12:41:46, EXEC, v:1, k:fup@americano, mode:FULL, rate:62, size:24
2026-06-14 12:43:15, EXEC, v:1, k:fup@americano, mode:FULL, rate:62, size:24
2026-06-14 12:43:41, EXEC, v:1, k:fup@americano, mode:FULL, rate:50, size:24
2026-06-14 12:43:41, MOVE, v:1, k:fup@americano, mode:EDIT
2026-06-14 12:43:41, MOVE, v:1, k:fup@americano, mode:EDIT
2026-06-14 12:44:00, EXEC, v:1, k:fup@americano, mode:FULL, rate:62, size:24
2026-06-14 12:45:02, EXEC, v:1, k:fup@americano, mode:FULL, rate:50, size:24
2026-06-14 12:45:28, EXEC, v:1, k:fup@americano, mode:FULL, rate:62, size:24
2026-06-14 12:46:58, EXEC, v:1, k:fup@americano, mode:FULL, rate:100, size:24
2026-06-14 12:47:39, MOVE, v:1, k:fup@americano, mode:BACK
2026-06-14 12:48:11, SELF, v:1, k:fup@americano, self:1, rate:100, study:88, friend:Pompeu
2026-06-14 12:46:57, MOVE, v:1, k:fup@americano, mode:EDIT
2026-06-14 12:46:58, MOVE, v:1, k:fup@americano, mode:EDIT
2026-06-14 12:50:40, MOVE, v:1, k:fup@afogado, mode:PICK
2026-06-14 12:50:41, EXEC, v:1, k:fup@afogado, mode:FULL, rate:0, size:5
2026-06-14 12:50:41, MOVE, v:1, k:fup@afogado, mode:EDIT
2026-06-14 12:53:43, MOVE, v:1, k:fup@americano, mode:EDIT
2026-06-14 12:56:19, MOVE, v:1, k:fup@americano, mode:EDIT
2026-06-14 13:00:51, MOVE, v:1, k:fup@afogado, mode:EDIT
2026-06-14 13:17:46, MOVE, v:1, k:fup@afogado, mode:EDIT
2026-06-14 13:28:41, MOVE, v:1, k:fup@afogado, mode:EDIT
2026-06-14 13:38:40, MOVE, v:1, k:fup@afogado, mode:EDIT
2026-06-14 13:39:25, EXEC, v:1, k:fup@afogado, mode:FULL, rate:100, size:34
2026-06-14 13:43:43, MOVE, v:1, k:fup@afogado, mode:EDIT
2026-06-14 13:39:24, MOVE, v:1, k:fup@afogado, mode:EDIT
2026-06-14 13:44:39, MOVE, v:1, k:fup@afogado, mode:BACK
2026-06-14 13:45:04, SELF, v:1, k:fup@afogado, self:1, rate:100, study:38, friend:Pompeu
2026-06-14 13:45:47, MOVE, v:1, k:fup@intervalada, mode:PICK
2026-06-14 13:45:48, EXEC, v:1, k:fup@intervalada, mode:FULL, rate:0
2026-06-14 13:44:36, MOVE, v:1, k:fup@afogado, mode:EDIT
2026-06-14 13:45:48, MOVE, v:1, k:fup@intervalada, mode:EDIT
2026-06-14 13:58:27, EXEC, v:1, k:fup@intervalada, mode:FULL, rate:0, size:12
2026-06-14 13:58:44, MOVE, v:1, k:fup@intervalada, mode:EDIT
2026-06-14 13:58:27, MOVE, v:1, k:fup@intervalada, mode:EDIT
2026-06-14 14:01:54, EXEC, v:1, k:fup@intervalada, mode:FULL, rate:0, size:21
2026-06-14 14:02:53, EXEC, v:1, k:fup@intervalada, mode:FULL, rate:0, size:21
2026-06-14 14:03:22, EXEC, v:1, k:fup@intervalada, mode:FULL, rate:0, size:21
2026-06-14 14:03:34, EXEC, v:1, k:fup@intervalada, mode:FULL, rate:0, size:21
2026-06-14 14:03:34, MOVE, v:1, k:fup@intervalada, mode:EDIT
2026-06-14 14:03:34, MOVE, v:1, k:fup@intervalada, mode:EDIT
2026-06-14 14:05:04, MOVE, v:1, k:fup@intervalada, mode:BACK
2026-06-14 14:05:05, MOVE, v:1, k:fup@intervalada, mode:PICK
2026-06-14 14:05:07, EXEC, v:1, k:fup@intervalada, mode:FULL, rate:33
2026-06-14 14:08:33, EXEC, v:1, k:fup@intervalada, mode:FULL, rate:100, size:21
2026-06-14 14:08:32, MOVE, v:1, k:fup@intervalada, mode:EDIT
2026-06-14 14:08:13, MOVE, v:1, k:fup@intervalada, mode:EDIT
2026-06-14 14:08:58, MOVE, v:1, k:fup@intervalada, mode:BACK
2026-06-14 14:09:12, SELF, v:1, k:fup@intervalada, self:1, rate:100, study:25
2026-06-14 14:09:46, MOVE, v:1, k:fup@xuxa, mode:DOWN
2026-06-14 14:09:48, MOVE, v:1, k:fup@xuxa, mode:PICK
2026-06-14 14:09:50, EXEC, v:1, k:fup@xuxa, mode:FULL, rate:0, size:5
2026-06-14 14:09:46, MOVE, v:1, k:fup@xuxa, mode:EDIT
2026-06-14 14:09:46, MOVE, v:1, k:fup@xuxa, mode:EDIT
2026-06-14 14:09:46, MOVE, v:1, k:fup@xuxa, mode:EDIT
2026-06-14 14:09:46, MOVE, v:1, k:fup@xuxa, mode:EDIT
2026-06-14 14:09:50, MOVE, v:1, k:fup@xuxa, mode:EDIT
2026-06-14 14:18:01, MOVE, v:1, k:fup@xuxa, mode:EDIT
2026-06-14 14:23:26, EXEC, v:1, k:fup@xuxa, mode:FULL, rate:0, size:10
2026-06-14 14:23:25, MOVE, v:1, k:fup@xuxa, mode:EDIT
2026-06-14 14:23:26, MOVE, v:1, k:fup@xuxa, mode:EDIT
2026-06-14 14:25:10, EXEC, v:1, k:fup@xuxa, mode:FULL, rate:0, size:10
2026-06-14 14:26:03, EXEC, v:1, k:fup@xuxa, mode:FULL, rate:0, size:10
2026-06-14 14:27:16, EXEC, v:1, k:fup@xuxa, mode:FULL, rate:0, size:12
2026-06-14 14:27:15, MOVE, v:1, k:fup@xuxa, mode:EDIT
2026-06-14 14:27:16, MOVE, v:1, k:fup@xuxa, mode:EDIT
2026-06-14 14:33:24, EXEC, v:1, k:fup@xuxa, mode:FULL, rate:100, size:19
2026-06-14 14:33:13, MOVE, v:1, k:fup@xuxa, mode:EDIT
2026-06-14 14:33:24, MOVE, v:1, k:fup@xuxa, mode:EDIT
2026-06-14 14:52:39, MOVE, v:1, k:fup@xuxa, mode:BACK
2026-06-14 14:52:53, SELF, v:1, k:fup@xuxa, self:1, rate:100, study:23
