2026-06-30 00:58:42, MOVE, v:1, k:fup@mercantil, mode:PICK
2026-06-30 00:58:49, EXEC, v:1, k:fup@mercantil, mode:FULL, rate:0
2026-06-30 00:58:49, EXEC, v:1, k:fup@mercantil, mode:FULL, rate:0
2026-06-30 00:58:49, MOVE, v:1, k:fup@mercantil, mode:EDIT
2026-06-30 01:08:08, MOVE, v:1, k:fup@mercantil, mode:EDIT
2026-06-30 01:08:37, EXEC, v:1, k:fup@mercantil, mode:FULL, rate:0, size:20
2026-06-30 01:08:55, EXEC, v:1, k:fup@mercantil, mode:FULL, size:22, fail:COMP
2026-06-30 01:09:08, EXEC, v:1, k:fup@mercantil, mode:FULL, size:23, fail:COMP
2026-06-30 01:10:26, EXEC, v:1, k:fup@mercantil, mode:FULL, size:29, fail:COMP
2026-06-30 01:12:38, EXEC, v:1, k:fup@mercantil, mode:FULL, rate:0, size:33
2026-06-30 01:13:05, MOVE, v:1, k:fup@mercantil, mode:EDIT
2026-06-30 01:12:38, MOVE, v:1, k:fup@mercantil, mode:EDIT
2026-06-30 01:13:30, EXEC, v:1, k:fup@mercantil, mode:FULL, rate:0, size:35
2026-06-30 01:15:16, EXEC, v:1, k:fup@mercantil, mode:FULL, rate:50, size:43
2026-06-30 01:17:25, EXEC, v:1, k:fup@mercantil, mode:FULL, rate:100, size:49
2026-06-30 01:17:27, MOVE, v:1, k:fup@mercantil, mode:BACK
2026-06-30 01:17:43, SELF, v:1, k:fup@mercantil, self:1, rate:100, study:24
2026-06-30 01:17:43, MOVE, v:1, k:fup@mercantil, mode:PICK
2026-06-30 01:17:44, MOVE, v:1, k:fup@mercantil, mode:BACK
2026-06-30 01:17:21, MOVE, v:1, k:fup@mercantil, mode:EDIT
2026-06-30 01:17:25, MOVE, v:1, k:fup@mercantil, mode:EDIT
2026-06-30 01:20:27, MOVE, v:1, k:fup@indices, mode:DOWN
2026-06-30 01:20:28, MOVE, v:1, k:fup@indices, mode:PICK
2026-06-30 01:20:30, EXEC, v:1, k:fup@indices, mode:FULL, rate:0, size:5
2026-06-30 01:20:27, MOVE, v:1, k:fup@indices, mode:EDIT
2026-06-30 01:20:30, MOVE, v:1, k:fup@indices, mode:EDIT
2026-06-30 01:23:09, MOVE, v:1, k:fup@indices, mode:EDIT
2026-06-30 01:23:55, MOVE, v:1, k:fup@indices, mode:EDIT
2026-06-30 01:33:12, MOVE, v:1, k:fup@indices, mode:EDIT
2026-06-30 01:38:13, MOVE, v:1, k:fup@indices, mode:EDIT
2026-06-30 01:38:16, EXEC, v:1, k:fup@indices, mode:FULL, rate:0, size:24
2026-06-30 01:39:30, EXEC, v:1, k:fup@indices, mode:FULL, rate:0, size:28
2026-06-30 01:39:59, EXEC, v:1, k:fup@indices, mode:FULL, rate:0, size:29
2026-06-30 01:40:29, EXEC, v:1, k:fup@indices, mode:FULL, rate:100, size:30
2026-06-30 01:40:38, MOVE, v:1, k:fup@indices, mode:BACK
2026-06-30 01:40:51, SELF, v:1, k:fup@indices, self:1, rate:100, study:20
