2026-06-16 11:29:21, MOVE, v:1, k:fup@inverte, mode:DOWN
2026-06-16 11:29:22, MOVE, v:1, k:fup@inverte, mode:PICK
2026-06-16 11:30:04, MOVE, v:1, k:fup@inverte, mode:PICK
2026-06-16 11:30:05, EXEC, v:1, k:fup@inverte, mode:FULL, rate:0, size:5
2026-06-16 11:34:45, MOVE, v:1, k:fup@inverte, mode:BACK
2026-06-16 11:34:48, MOVE, v:1, k:fup@xuxa, mode:PICK
2026-06-16 11:34:49, EXEC, v:1, k:fup@xuxa, mode:FULL, rate:100
2026-06-16 11:30:05, MOVE, v:1, k:fup@inverte, mode:EDIT
2026-06-16 11:34:49, MOVE, v:1, k:fup@xuxa, mode:EDIT
2026-06-16 11:35:18, MOVE, v:1, k:fup@xuxa, mode:BACK
2026-06-16 11:36:26, MOVE, v:1, k:fup@inverte, mode:PICK
2026-06-16 11:36:27, EXEC, v:1, k:fup@inverte, mode:FULL, rate:0
2026-06-16 11:36:27, MOVE, v:1, k:fup@inverte, mode:EDIT
2026-06-16 11:44:27, MOVE, v:1, k:fup@inverte, mode:BACK
2026-06-16 12:09:18, MOVE, v:1, k:fup@inverte, mode:PICK
2026-06-16 12:09:34, EXEC, v:1, k:fup@inverte, mode:FULL, rate:0
2026-06-16 12:09:34, MOVE, v:1, k:fup@inverte, mode:EDIT
2026-06-16 12:14:13, MOVE, v:1, k:fup@inverte, mode:EDIT
2026-06-16 12:17:06, EXEC, v:1, k:fup@inverte, mode:FULL, size:14, fail:COMP
2026-06-16 12:17:26, EXEC, v:1, k:fup@inverte, mode:FULL, rate:12, size:14
2026-06-16 12:17:25, MOVE, v:1, k:fup@inverte, mode:EDIT
2026-06-16 12:17:26, MOVE, v:1, k:fup@inverte, mode:EDIT
2026-06-16 12:20:46, EXEC, v:1, k:fup@inverte, mode:FULL, rate:12, size:14
2026-06-16 12:20:58, EXEC, v:1, k:fup@inverte, mode:FULL, size:14, fail:COMP
2026-06-16 12:21:04, EXEC, v:1, k:fup@inverte, mode:FULL, rate:12, size:14
2026-06-16 12:21:38, EXEC, v:1, k:fup@inverte, mode:FULL, rate:12, size:14
2026-06-16 12:21:52, EXEC, v:1, k:fup@inverte, mode:FULL, rate:12, size:14
2026-06-16 12:22:28, EXEC, v:1, k:fup@inverte, mode:FULL, rate:0, size:14
2026-06-16 12:23:58, EXEC, v:1, k:fup@inverte, mode:FULL, rate:0, size:14
2026-06-16 12:23:57, MOVE, v:1, k:fup@inverte, mode:EDIT
2026-06-16 12:23:58, MOVE, v:1, k:fup@inverte, mode:EDIT
2026-06-16 12:28:51, MOVE, v:1, k:fup@inverte, mode:EDIT
2026-06-16 12:29:58, EXEC, v:1, k:fup@inverte, mode:FULL, rate:0, size:16
2026-06-16 12:31:04, EXEC, v:1, k:fup@inverte, mode:FULL, rate:100, size:16
2026-06-16 12:32:42, SELF, v:1, k:fup@inverte, self:1, rate:100, study:60
2026-06-16 12:33:55, MOVE, v:1, k:fup@adedonha, mode:DOWN
2026-06-16 12:33:57, MOVE, v:1, k:fup@adedonha, mode:PICK
2026-06-16 12:33:58, EXEC, v:1, k:fup@adedonha, mode:FULL, rate:0, size:5
2026-06-16 12:34:05, EXEC, v:1, k:fup@adedonha, mode:FULL, rate:0
2026-06-16 12:36:33, MOVE, v:1, k:fup@adedonha, mode:BACK
2026-06-16 12:36:48, MOVE, v:1, k:fup@americano, mode:PICK
2026-06-16 12:36:49, EXEC, v:1, k:fup@americano, mode:FULL, rate:100, size:30
2026-06-16 12:36:57, MOVE, v:1, k:fup@americano, mode:BACK
2026-06-16 12:33:55, MOVE, v:1, k:fup@adedonha, mode:EDIT
2026-06-16 12:33:55, MOVE, v:1, k:fup@adedonha, mode:EDIT
2026-06-16 12:33:55, MOVE, v:1, k:fup@adedonha, mode:EDIT
2026-06-16 12:34:05, MOVE, v:1, k:fup@adedonha, mode:EDIT
2026-06-16 12:36:32, MOVE, v:1, k:fup@adedonha, mode:EDIT
2026-06-16 12:36:49, MOVE, v:1, k:fup@americano, mode:EDIT
2026-06-16 12:37:04, MOVE, v:1, k:fup@adedonha, mode:PICK
2026-06-16 12:37:05, EXEC, v:1, k:fup@adedonha, mode:FULL, rate:0, size:6
2026-06-16 12:37:52, EXEC, v:1, k:fup@adedonha, mode:FULL, rate:8, size:10
2026-06-16 12:37:51, MOVE, v:1, k:fup@adedonha, mode:EDIT
2026-06-16 12:39:57, MOVE, v:1, k:fup@adedonha, mode:EDIT
2026-06-16 12:50:15, EXEC, v:1, k:fup@adedonha, mode:FULL, rate:16, size:12
2026-06-16 12:51:09, EXEC, v:1, k:fup@adedonha, mode:FULL, rate:33, size:12
2026-06-16 12:51:56, MOVE, v:1, k:fup@adedonha, mode:EDIT
2026-06-16 12:51:09, MOVE, v:1, k:fup@adedonha, mode:EDIT
2026-06-16 12:56:49, EXEC, v:1, k:fup@adedonha, mode:FULL, rate:75, size:62
2026-06-16 12:57:00, MOVE, v:1, k:fup@adedonha, mode:EDIT
2026-06-16 12:56:48, MOVE, v:1, k:fup@adedonha, mode:EDIT
2026-06-16 12:58:30, EXEC, v:1, k:fup@adedonha, mode:FULL, rate:75, size:62
2026-06-16 13:00:10, EXEC, v:1, k:fup@adedonha, mode:FULL, rate:100, size:62
2026-06-16 13:00:09, MOVE, v:1, k:fup@adedonha, mode:EDIT
2026-06-16 13:00:10, MOVE, v:1, k:fup@adedonha, mode:EDIT
2026-06-16 13:03:50, EXEC, v:1, k:fup@adedonha, mode:FULL, rate:100, size:16
2026-06-16 13:04:30, EXEC, v:1, k:fup@adedonha, mode:FULL, rate:25, size:16
2026-06-16 13:04:38, EXEC, v:1, k:fup@adedonha, mode:FULL, rate:25
2026-06-16 13:05:19, EXEC, v:1, k:fup@adedonha, mode:FULL, rate:100, size:16
2026-06-16 13:05:22, EXEC, v:1, k:fup@adedonha, mode:FULL, rate:100
2026-06-16 13:05:38, EXEC, v:1, k:fup@adedonha, mode:FULL, rate:100, size:14
2026-06-16 13:06:28, MOVE, v:1, k:fup@adedonha, mode:BACK
2026-06-16 13:06:50, SELF, v:1, k:fup@adedonha, self:1, rate:100, study:34
2026-06-16 13:06:50, MOVE, v:1, k:fup@adedonha, mode:PICK
2026-06-16 13:06:51, EXEC, v:1, k:fup@adedonha, mode:FULL, rate:100
2026-06-16 13:06:51, MOVE, v:1, k:fup@adedonha, mode:BACK
2026-06-16 13:05:34, MOVE, v:1, k:fup@adedonha, mode:EDIT
2026-06-16 13:06:51, MOVE, v:1, k:fup@adedonha, mode:EDIT
2026-06-16 13:09:25, MOVE, v:1, k:fup@copos, mode:DOWN
2026-06-16 13:09:26, MOVE, v:1, k:fup@copos, mode:PICK
2026-06-16 13:09:27, EXEC, v:1, k:fup@copos, mode:FULL, rate:0, size:5
2026-06-16 13:09:25, MOVE, v:1, k:fup@copos, mode:EDIT
2026-06-16 13:09:25, MOVE, v:1, k:fup@copos, mode:EDIT
2026-06-16 13:09:25, MOVE, v:1, k:fup@copos, mode:EDIT
2026-06-16 13:10:57, MOVE, v:1, k:fup@copos, mode:EDIT
2026-06-16 13:09:27, MOVE, v:1, k:fup@copos, mode:EDIT
2026-06-16 13:23:49, EXEC, v:1, k:fup@copos, mode:FULL, rate:40, size:26
2026-06-16 13:23:48, MOVE, v:1, k:fup@copos, mode:EDIT
2026-06-16 13:23:49, MOVE, v:1, k:fup@copos, mode:EDIT
2026-06-16 13:27:49, EXEC, v:1, k:fup@copos, mode:FULL, rate:100, size:31
2026-06-16 13:27:51, MOVE, v:1, k:fup@copos, mode:BACK
2026-06-16 13:28:03, SELF, v:1, k:fup@copos, self:1, rate:100, study:19
2026-06-16 13:29:08, SELF, v:1, k:fup@botas, self:1
2026-06-16 13:29:21, MOVE, v:1, k:fup@botas, mode:PICK
2026-06-16 13:29:22, EXEC, v:1, k:fup@botas, mode:FULL, rate:100, size:37
2026-06-16 13:29:28, EXEC, v:1, k:fup@botas, mode:FULL, rate:100
2026-06-16 13:29:33, MOVE, v:1, k:fup@botas, mode:BACK
2026-06-16 13:30:18, MOVE, v:1, k:fup@paredes, mode:DOWN
2026-06-16 13:30:19, MOVE, v:1, k:fup@paredes, mode:PICK
2026-06-16 13:31:49, EXEC, v:1, k:fup@paredes, mode:FULL, rate:0, size:5
2026-06-16 13:27:48, MOVE, v:1, k:fup@copos, mode:EDIT
2026-06-16 13:27:49, MOVE, v:1, k:fup@copos, mode:EDIT
2026-06-16 13:29:28, MOVE, v:1, k:fup@botas, mode:EDIT
2026-06-16 13:30:18, MOVE, v:1, k:fup@paredes, mode:EDIT
2026-06-16 13:30:18, MOVE, v:1, k:fup@paredes, mode:EDIT
2026-06-16 13:31:49, MOVE, v:1, k:fup@paredes, mode:EDIT
2026-06-16 13:41:37, EXEC, v:1, k:fup@paredes, mode:FULL, rate:0, size:13
2026-06-16 13:41:43, MOVE, v:1, k:fup@paredes, mode:BACK
2026-06-16 13:41:53, MOVE, v:1, k:fup@paredes, mode:PICK
2026-06-16 13:41:54, EXEC, v:1, k:fup@paredes, mode:FULL, rate:0
2026-06-16 13:42:13, MOVE, v:1, k:fup@paredes, mode:PICK
2026-06-16 13:42:14, EXEC, v:1, k:fup@paredes, mode:FULL, rate:0
2026-06-16 13:42:25, EXEC, v:1, k:fup@paredes, mode:FULL, rate:0
2026-06-16 13:42:45, EXEC, v:1, k:fup@paredes, mode:FULL, rate:0, size:11
2026-06-16 13:46:02, EXEC, v:1, k:fup@paredes, mode:FULL, rate:0, size:19
2026-06-16 13:46:24, EXEC, v:1, k:fup@paredes, mode:FULL, rate:0, size:21
2026-06-16 13:46:29, MOVE, v:1, k:fup@paredes, mode:BACK
2026-06-16 13:49:47, MOVE, v:1, k:fup@paredes, mode:PICK
2026-06-16 13:49:48, EXEC, v:1, k:fup@paredes, mode:FULL, rate:0
2026-06-16 13:53:43, EXEC, v:1, k:fup@paredes, mode:FULL, rate:0, size:21
2026-06-16 13:53:43, MOVE, v:1, k:fup@paredes, mode:EDIT
2026-06-16 13:54:40, MOVE, v:1, k:fup@paredes, mode:EDIT
2026-06-16 13:59:44, MOVE, v:1, k:fup@paredes, mode:EDIT
2026-06-16 13:59:47, EXEC, v:1, k:fup@paredes, mode:FULL, rate:0, size:23
2026-06-16 14:00:46, EXEC, v:1, k:fup@paredes, mode:FULL, rate:100, size:23
2026-06-16 14:00:53, MOVE, v:1, k:fup@paredes, mode:BACK
2026-06-16 14:01:08, SELF, v:1, k:fup@paredes, self:1, rate:100, study:30
2026-06-16 14:00:46, MOVE, v:1, k:fup@paredes, mode:EDIT
2026-06-16 14:00:45, MOVE, v:1, k:fup@paredes, mode:EDIT
2026-06-16 16:34:42, MOVE, v:1, k:fup@substring, mode:DOWN
2026-06-16 16:34:43, MOVE, v:1, k:fup@substring, mode:PICK
2026-06-16 16:34:51, EXEC, v:1, k:fup@substring, mode:FULL, rate:0, size:5
2026-06-16 16:34:51, EXEC, v:1, k:fup@substring, mode:FULL, rate:0, size:5
2026-06-16 16:34:42, MOVE, v:1, k:fup@substring, mode:EDIT
2026-06-16 16:34:42, MOVE, v:1, k:fup@substring, mode:EDIT
2026-06-16 16:34:42, MOVE, v:1, k:fup@substring, mode:EDIT
2026-06-16 16:39:30, MOVE, v:1, k:fup@substring, mode:EDIT
2026-06-16 16:34:51, MOVE, v:1, k:fup@substring, mode:EDIT
2026-06-16 16:44:28, MOVE, v:1, k:fup@substring, mode:EDIT
2026-06-16 16:45:35, EXEC, v:1, k:fup@substring, mode:FULL, rate:0, size:21
2026-06-16 16:46:09, EXEC, v:1, k:fup@substring, mode:FULL, rate:14, size:21
2026-06-16 16:46:53, EXEC, v:1, k:fup@substring, mode:FULL, rate:0, size:22
2026-06-16 16:47:13, EXEC, v:1, k:fup@substring, mode:FULL, rate:0, size:21
2026-06-16 16:47:22, EXEC, v:1, k:fup@substring, mode:FREE
2026-06-16 16:47:51, EXEC, v:1, k:fup@substring, mode:FULL, rate:0
2026-06-16 16:47:58, EXEC, v:1, k:fup@substring, mode:FREE
2026-06-16 16:49:12, MOVE, v:1, k:fup@substring, mode:EDIT
2026-06-16 16:49:23, MOVE, v:1, k:fup@substring, mode:EDIT
2026-06-16 16:51:39, EXEC, v:1, k:fup@substring, mode:FULL, rate:0, size:22
2026-06-16 16:51:33, MOVE, v:1, k:fup@substring, mode:EDIT
2026-06-16 16:51:38, MOVE, v:1, k:fup@substring, mode:EDIT
2026-06-16 17:18:06, MOVE, v:1, k:fup@substring, mode:BACK
