2026-05-04 17:30:08, MOVE, v:1, k:fup@game10, mode:PICK
2026-05-04 17:30:11, EXEC, v:1, k:fup@game10, mode:FULL, rate:0, size:6
2026-05-04 17:30:11, MOVE, v:1, k:fup@game10, mode:EDIT
2026-05-04 17:34:20, MOVE, v:1, k:fup@game10, mode:EDIT
2026-05-04 17:39:32, EXEC, v:1, k:fup@game10, mode:FULL, size:7, fail:COMP
2026-05-04 17:40:16, MOVE, v:1, k:fup@game10, mode:EDIT
2026-05-04 17:43:21, EXEC, v:1, k:fup@game10, mode:FULL, rate:100, size:8
2026-05-04 17:44:34, MOVE, v:1, k:fup@game10, mode:BACK
2026-05-04 17:45:11, SELF, v:1, k:fup@game10, self:1, rate:100, study:51
2026-05-04 17:43:18, MOVE, v:1, k:fup@game10, mode:EDIT
2026-05-04 17:43:20, MOVE, v:1, k:fup@game10, mode:EDIT
2026-05-04 17:46:00, MOVE, v:1, k:fup@vet_ii, mode:PICK
2026-05-04 17:46:01, EXEC, v:1, k:fup@vet_ii, mode:FULL, rate:100
2026-05-04 17:46:10, MOVE, v:1, k:fup@vet_ii, mode:BACK
2026-05-04 17:46:23, MOVE, v:1, k:fup@vet_i, mode:PICK
2026-05-04 17:46:25, EXEC, v:1, k:fup@vet_i, mode:FULL, rate:100
2026-05-04 17:46:29, MOVE, v:1, k:fup@vet_i, mode:BACK
2026-05-04 17:46:34, MOVE, v:1, k:fup@vet_iii, mode:PICK
2026-05-04 17:46:35, EXEC, v:1, k:fup@vet_iii, mode:FULL, rate:100
2026-05-04 17:46:36, MOVE, v:1, k:fup@vet_iii, mode:BACK
2026-05-04 17:47:06, MOVE, v:1, k:fup@apertada, mode:PICK
2026-05-04 17:47:07, EXEC, v:1, k:fup@apertada, mode:FULL, fail:COMP
2026-05-04 17:47:09, EXEC, v:1, k:fup@apertada, mode:FULL, fail:COMP
2026-05-04 17:46:01, MOVE, v:1, k:fup@vet_ii, mode:EDIT
2026-05-04 17:46:25, MOVE, v:1, k:fup@vet_i, mode:EDIT
2026-05-04 17:46:35, MOVE, v:1, k:fup@vet_iii, mode:EDIT
2026-05-04 17:53:54, EXEC, v:1, k:fup@apertada, mode:FULL, size:6, fail:COMP
2026-05-04 17:55:19, MOVE, v:1, k:fup@apertada, mode:EDIT
2026-05-04 17:55:26, EXEC, v:1, k:fup@apertada, mode:FULL, size:10, fail:COMP
2026-05-04 18:00:09, MOVE, v:1, k:fup@apertada, mode:EDIT
2026-05-04 18:04:51, MOVE, v:1, k:fup@apertada, mode:EDIT
2026-05-04 18:10:20, MOVE, v:1, k:fup@apertada, mode:EDIT
2026-05-04 18:10:27, EXEC, v:1, k:fup@apertada, mode:FULL, size:20, fail:COMP
2026-05-04 18:13:43, EXEC, v:1, k:fup@apertada, mode:FULL, rate:40, size:14
2026-05-04 18:15:21, MOVE, v:1, k:fup@apertada, mode:BACK
2026-05-04 18:15:05, MOVE, v:1, k:fup@apertada, mode:EDIT
2026-05-04 18:13:43, MOVE, v:1, k:fup@apertada, mode:EDIT
