2026-05-05 16:39:26, MOVE, v:1, k:fup@esconde, mode:PICK
2026-05-05 16:39:27, MOVE, v:1, k:fup@esconde, mode:BACK
2026-05-05 16:39:38, MOVE, v:1, k:eval1@ceu, mode:PICK
2026-05-05 16:39:44, EXEC, v:1, k:eval1@ceu, mode:FULL, rate:100
2026-05-05 16:39:44, EXEC, v:1, k:eval1@ceu, mode:FULL, rate:100
2026-05-05 16:39:46, EXEC, v:1, k:eval1@ceu, mode:FULL, rate:100
2026-05-05 16:39:47, MOVE, v:1, k:eval1@ceu, mode:BACK
2026-05-05 16:40:11, MOVE, v:1, k:fup@vet_i, mode:PICK
2026-05-05 16:40:12, EXEC, v:1, k:fup@vet_i, mode:FULL, rate:100
2026-05-05 16:40:14, MOVE, v:1, k:fup@vet_i, mode:BACK
2026-05-05 16:40:17, MOVE, v:1, k:fup@vet_ii, mode:PICK
2026-05-05 16:40:18, EXEC, v:1, k:fup@vet_ii, mode:FULL, rate:100
2026-05-05 16:40:19, EXEC, v:1, k:fup@vet_ii, mode:FULL, rate:100
2026-05-05 16:40:19, MOVE, v:1, k:fup@vet_ii, mode:BACK
2026-05-05 16:40:22, MOVE, v:1, k:fup@vet_iii, mode:PICK
2026-05-05 16:40:23, EXEC, v:1, k:fup@vet_iii, mode:FULL, rate:100
2026-05-05 16:40:24, MOVE, v:1, k:fup@vet_iii, mode:BACK
2026-05-05 16:40:49, MOVE, v:1, k:fup@apertada, mode:PICK
2026-05-05 16:40:50, EXEC, v:1, k:fup@apertada, mode:FULL, rate:40, size:14
2026-05-05 16:40:50, MOVE, v:1, k:fup@apertada, mode:EDIT
2026-05-05 16:49:53, EXEC, v:1, k:fup@apertada, mode:FULL, size:18, fail:COMP
2026-05-05 16:49:48, MOVE, v:1, k:fup@apertada, mode:EDIT
2026-05-05 16:51:51, EXEC, v:1, k:fup@apertada, mode:FULL, rate:60, size:19
2026-05-05 16:55:34, MOVE, v:1, k:fup@apertada, mode:EDIT
2026-05-05 16:51:51, MOVE, v:1, k:fup@apertada, mode:EDIT
2026-05-05 16:55:55, EXEC, v:1, k:fup@apertada, mode:FULL, rate:0, size:21
2026-05-05 16:57:05, EXEC, v:1, k:fup@apertada, mode:FULL, rate:0, size:20
2026-05-05 16:57:19, EXEC, v:1, k:fup@apertada, mode:FULL, rate:20, size:18
2026-05-05 16:57:37, EXEC, v:1, k:fup@apertada, mode:FULL, rate:100
2026-05-05 16:59:08, EXEC, v:1, k:fup@apertada, mode:FULL, rate:100, size:17
2026-05-05 16:59:30, MOVE, v:1, k:fup@apertada, mode:EDIT
2026-05-05 16:59:08, MOVE, v:1, k:fup@apertada, mode:EDIT
2026-05-05 17:04:11, MOVE, v:1, k:fup@apertada, mode:BACK
2026-05-05 17:04:55, SELF, v:1, k:fup@apertada, self:1, rate:100, study:57, friend:Hana
2026-05-05 17:04:59, MOVE, v:1, k:fup@dieta, mode:DOWN
2026-05-05 17:05:01, MOVE, v:1, k:fup@dieta, mode:PICK
2026-05-05 17:05:02, EXEC, v:1, k:fup@dieta, mode:FULL, rate:0, size:5
2026-05-05 17:04:59, MOVE, v:1, k:fup@dieta, mode:EDIT
2026-05-05 17:04:59, MOVE, v:1, k:fup@dieta, mode:EDIT
2026-05-05 17:05:01, MOVE, v:1, k:fup@dieta, mode:EDIT
2026-05-05 17:10:26, MOVE, v:1, k:fup@dieta, mode:EDIT
2026-05-05 17:11:41, EXEC, v:1, k:fup@dieta, mode:FULL, rate:0, size:11
2026-05-05 17:14:02, EXEC, v:1, k:fup@dieta, mode:FULL, size:14, fail:COMP
2026-05-05 17:14:16, EXEC, v:1, k:fup@dieta, mode:FULL, size:14, fail:COMP
2026-05-05 17:14:35, EXEC, v:1, k:fup@dieta, mode:FULL, size:14, fail:COMP
2026-05-05 17:15:31, MOVE, v:1, k:fup@dieta, mode:EDIT
2026-05-05 17:11:41, MOVE, v:1, k:fup@dieta, mode:EDIT
2026-05-05 17:18:07, EXEC, v:1, k:fup@dieta, mode:FULL, size:17, fail:COMP
2026-05-05 17:18:09, EXEC, v:1, k:fup@dieta, mode:FULL, fail:COMP
2026-05-05 17:18:50, MOVE, v:1, k:fup@dieta, mode:BACK
