2026-04-14 16:30:35, SELF, v:1, k:eval1@mumia, self:1, rate:100, study:6
2026-04-14 16:31:04, MOVE, v:1, k:fup@game10, mode:PICK
2026-04-14 16:31:11, EXEC, v:1, k:fup@game10, mode:FULL, rate:0
2026-04-14 16:31:11, EXEC, v:1, k:fup@game10, mode:FULL, rate:0
2026-04-14 16:31:11, MOVE, v:1, k:fup@game10, mode:EDIT
2026-04-14 16:35:10, MOVE, v:1, k:fup@game10, mode:EDIT
2026-04-14 16:37:33, MOVE, v:1, k:fup@game10, mode:BACK
2026-04-14 16:43:01, MOVE, v:1, k:sandbox@user_001, mode:PICK
2026-04-14 16:43:05, EXEC, v:1, k:sandbox@user_001, mode:LOCK, rate:0, size:5
2026-04-14 16:44:09, MOVE, v:1, k:sandbox@user_001, mode:BACK
2026-04-14 16:44:21, MOVE, v:1, k:sandbox@user_001, mode:PICK
2026-04-14 16:44:22, MOVE, v:1, k:sandbox@user_001, mode:BACK
2026-04-14 16:44:24, MOVE, v:1, k:sandbox@user_001, mode:PICK
2026-04-14 16:44:26, EXEC, v:1, k:sandbox@user_001, mode:LOCK, rate:0
2026-04-14 16:42:41, MOVE, v:1, k:sandbox@user_001, mode:EDIT
2026-04-14 16:44:26, MOVE, v:1, k:sandbox@user_001, mode:EDIT
2026-04-14 16:48:58, EXEC, v:1, k:sandbox@user_001, mode:FULL, size:8, fail:COMP
2026-04-14 16:50:02, EXEC, v:1, k:sandbox@user_001, mode:FULL, size:8, fail:COMP
2026-04-14 16:49:46, MOVE, v:1, k:sandbox@user_001, mode:EDIT
2026-04-14 16:50:48, EXEC, v:1, k:sandbox@user_001, mode:FULL, size:8, fail:COMP
2026-04-14 16:52:57, EXEC, v:1, k:sandbox@user_001, mode:LOCK, rate:0, size:8
2026-04-14 16:55:16, EXEC, v:1, k:sandbox@user_001, mode:LOCK, rate:0, size:7
2026-04-14 16:55:14, MOVE, v:1, k:sandbox@user_001, mode:EDIT
2026-04-14 16:55:16, MOVE, v:1, k:sandbox@user_001, mode:EDIT
2026-04-14 16:55:43, EXEC, v:1, k:sandbox@user_001, mode:LOCK, rate:0, size:7
2026-04-14 16:56:17, EXEC, v:1, k:sandbox@user_001, mode:LOCK, rate:0, size:6
2026-04-14 16:56:35, EXEC, v:1, k:sandbox@user_001, mode:LOCK, rate:0, size:6
2026-04-14 16:57:25, EXEC, v:1, k:sandbox@user_001, mode:LOCK, rate:0, size:6
2026-04-14 16:57:31, EXEC, v:1, k:sandbox@user_001, mode:LOCK, rate:0, size:6
2026-04-14 16:57:42, EXEC, v:1, k:sandbox@user_001, mode:LOCK, rate:0, size:6
2026-04-14 17:00:15, MOVE, v:1, k:sandbox@user_001, mode:EDIT
2026-04-14 16:57:42, MOVE, v:1, k:sandbox@user_001, mode:EDIT
2026-04-14 17:01:11, EXEC, v:1, k:sandbox@user_001, mode:LOCK, rate:0, size:8
2026-04-14 17:01:17, EXEC, v:1, k:sandbox@user_001, mode:FREE
2026-04-14 17:05:15, MOVE, v:1, k:sandbox@user_001, mode:EDIT
2026-04-14 17:03:16, MOVE, v:1, k:sandbox@user_001, mode:EDIT
2026-04-14 17:09:44, MOVE, v:1, k:sandbox@user_001, mode:EDIT
2026-04-14 17:11:00, EXEC, v:1, k:sandbox@user_001, mode:LOCK, rate:0, size:15
2026-04-14 17:11:08, EXEC, v:1, k:sandbox@user_001, mode:LOCK, rate:0, size:15
2026-04-14 17:11:17, EXEC, v:1, k:sandbox@user_001, mode:LOCK, rate:0, size:15
2026-04-14 17:11:29, EXEC, v:1, k:sandbox@user_001, mode:LOCK, rate:0
2026-04-14 17:13:03, EXEC, v:1, k:sandbox@user_001, mode:FULL, size:15, fail:COMP
2026-04-14 17:13:29, EXEC, v:1, k:sandbox@user_001, mode:LOCK, rate:0, size:15
2026-04-14 17:14:06, EXEC, v:1, k:sandbox@user_001, mode:FULL, size:15, fail:COMP
2026-04-14 17:14:24, EXEC, v:1, k:sandbox@user_001, mode:FULL, size:15, fail:COMP
2026-04-14 17:14:32, EXEC, v:1, k:sandbox@user_001, mode:FULL, size:15, fail:COMP
2026-04-14 17:14:52, EXEC, v:1, k:sandbox@user_001, mode:LOCK, rate:0, size:15
2026-04-14 17:14:49, MOVE, v:1, k:sandbox@user_001, mode:EDIT
2026-04-14 17:14:52, MOVE, v:1, k:sandbox@user_001, mode:EDIT
2026-04-14 17:20:03, EXEC, v:1, k:sandbox@user_001, mode:LOCK, rate:0, size:15
2026-04-14 17:20:01, MOVE, v:1, k:sandbox@user_001, mode:EDIT
2026-04-14 17:20:03, MOVE, v:1, k:sandbox@user_001, mode:EDIT
2026-04-14 17:21:56, EXEC, v:1, k:sandbox@user_001, mode:FULL, size:18, fail:COMP
2026-04-14 17:23:09, EXEC, v:1, k:sandbox@user_001, mode:FULL, size:19, fail:COMP
2026-04-14 17:23:16, EXEC, v:1, k:sandbox@user_001, mode:FULL, fail:COMP
2026-04-14 17:23:30, EXEC, v:1, k:sandbox@user_001, mode:LOCK, rate:0, size:18
2026-04-14 17:23:23, MOVE, v:1, k:sandbox@user_001, mode:EDIT
2026-04-14 17:23:30, MOVE, v:1, k:sandbox@user_001, mode:EDIT
2026-04-14 17:26:26, EXEC, v:1, k:sandbox@user_001, mode:FULL, size:18, fail:COMP
2026-04-14 17:30:17, MOVE, v:1, k:sandbox@user_001, mode:EDIT
2026-04-14 17:31:55, MOVE, v:1, k:sandbox@user_001, mode:BACK
2026-04-14 17:31:41, MOVE, v:1, k:sandbox@user_001, mode:EDIT
2026-04-14 17:42:32, MOVE, v:1, k:fup@vet_i, mode:DOWN
2026-04-14 17:42:33, MOVE, v:1, k:fup@vet_i, mode:PICK
2026-04-14 17:42:35, EXEC, v:1, k:fup@vet_i, mode:FULL, rate:0, size:5
2026-04-14 17:42:46, EXEC, v:1, k:fup@vet_i, mode:FULL, rate:0
2026-04-14 17:42:32, MOVE, v:1, k:fup@vet_i, mode:EDIT
2026-04-14 17:42:32, MOVE, v:1, k:fup@vet_i, mode:EDIT
2026-04-14 17:42:46, MOVE, v:1, k:fup@vet_i, mode:EDIT
2026-04-14 17:43:18, MOVE, v:1, k:fup@vet_i, mode:EDIT
2026-04-14 17:48:55, EXEC, v:1, k:fup@vet_i, mode:FULL, rate:0, size:6
2026-04-14 17:50:15, MOVE, v:1, k:fup@vet_i, mode:EDIT
2026-04-14 17:48:55, MOVE, v:1, k:fup@vet_i, mode:EDIT
2026-04-14 17:51:27, EXEC, v:1, k:fup@vet_i, mode:FULL, size:8, fail:COMP
2026-04-14 17:51:41, EXEC, v:1, k:fup@vet_i, mode:FULL, rate:0, size:8
2026-04-14 17:53:32, MOVE, v:1, k:fup@vet_i, mode:EDIT
2026-04-14 17:51:41, MOVE, v:1, k:fup@vet_i, mode:EDIT
2026-04-14 17:57:19, EXEC, v:1, k:fup@vet_i, mode:FULL, rate:0, size:8
2026-04-14 17:58:46, EXEC, v:1, k:fup@vet_i, mode:FULL, rate:25, size:8
2026-04-14 17:58:45, MOVE, v:1, k:fup@vet_i, mode:EDIT
2026-04-14 17:58:46, MOVE, v:1, k:fup@vet_i, mode:EDIT
2026-04-14 18:02:21, EXEC, v:1, k:fup@vet_i, mode:FULL, rate:0, size:10
2026-04-14 18:03:03, EXEC, v:1, k:fup@vet_i, mode:FULL, size:10, fail:COMP
2026-04-14 18:03:18, EXEC, v:1, k:fup@vet_i, mode:FULL, rate:0, size:10
2026-04-14 18:03:17, MOVE, v:1, k:fup@vet_i, mode:EDIT
2026-04-14 18:03:18, MOVE, v:1, k:fup@vet_i, mode:EDIT
2026-04-14 18:11:58, EXEC, v:1, k:fup@vet_i, mode:FULL, rate:0, size:10
2026-04-14 18:13:31, MOVE, v:1, k:fup@vet_i, mode:BACK
