2026-04-13 17:00:34, MOVE, v:1, k:eval1@bala, mode:DOWN
2026-04-13 17:00:35, MOVE, v:1, k:eval1@bala, mode:PICK
2026-04-13 17:00:42, EXEC, v:1, k:eval1@bala, mode:FULL, rate:0, size:5
2026-04-13 17:02:20, MOVE, v:1, k:eval1@bala, mode:BACK
2026-04-13 17:00:34, MOVE, v:1, k:eval1@bala, mode:EDIT
2026-04-13 17:00:41, MOVE, v:1, k:eval1@bala, mode:EDIT
2026-04-13 17:05:35, MOVE, v:1, k:eval1@ceu, mode:DOWN
2026-04-13 17:05:36, MOVE, v:1, k:eval1@ceu, mode:PICK
2026-04-13 17:05:37, EXEC, v:1, k:eval1@ceu, mode:FULL, rate:0, size:5
2026-04-13 17:05:35, MOVE, v:1, k:eval1@ceu, mode:EDIT
2026-04-13 17:05:35, MOVE, v:1, k:eval1@ceu, mode:EDIT
2026-04-13 17:09:30, MOVE, v:1, k:eval1@ceu, mode:EDIT
2026-04-13 17:05:37, MOVE, v:1, k:eval1@ceu, mode:EDIT
2026-04-13 17:10:53, EXEC, v:1, k:eval1@ceu, mode:FULL, size:18, fail:COMP
2026-04-13 17:11:03, EXEC, v:1, k:eval1@ceu, mode:FULL, rate:20, size:18
2026-04-13 17:11:59, EXEC, v:1, k:eval1@ceu, mode:FULL, rate:100, size:19
2026-04-13 17:12:04, MOVE, v:1, k:eval1@ceu, mode:BACK
2026-04-13 17:12:27, SELF, v:1, k:eval1@ceu, self:1, rate:100, study:10
2026-04-13 17:12:41, MOVE, v:1, k:eval1@pares, mode:DOWN
2026-04-13 17:12:45, MOVE, v:1, k:eval1@pares, mode:PICK
2026-04-13 17:12:46, EXEC, v:1, k:eval1@pares, mode:FULL, rate:0, size:5
2026-04-13 17:11:58, MOVE, v:1, k:eval1@ceu, mode:EDIT
2026-04-13 17:11:59, MOVE, v:1, k:eval1@ceu, mode:EDIT
2026-04-13 17:12:41, MOVE, v:1, k:eval1@pares, mode:EDIT
2026-04-13 17:12:41, MOVE, v:1, k:eval1@pares, mode:EDIT
2026-04-13 17:12:46, MOVE, v:1, k:eval1@pares, mode:EDIT
2026-04-13 17:14:29, MOVE, v:1, k:eval1@pares, mode:EDIT
2026-04-13 17:19:33, MOVE, v:1, k:eval1@pares, mode:EDIT
2026-04-13 17:22:26, EXEC, v:1, k:eval1@pares, mode:FULL, size:12, fail:COMP
2026-04-13 17:22:27, EXEC, v:1, k:eval1@pares, mode:FULL, fail:COMP
2026-04-13 17:22:28, EXEC, v:1, k:eval1@pares, mode:FULL, fail:COMP
2026-04-13 17:22:28, EXEC, v:1, k:eval1@pares, mode:FULL, fail:COMP
2026-04-13 17:22:29, EXEC, v:1, k:eval1@pares, mode:FULL, fail:COMP
2026-04-13 17:22:56, EXEC, v:1, k:eval1@pares, mode:FULL, rate:85, size:12
2026-04-13 17:24:20, EXEC, v:1, k:eval1@pares, mode:FULL, size:16, fail:COMP
2026-04-13 17:24:22, EXEC, v:1, k:eval1@pares, mode:FULL, fail:COMP
2026-04-13 17:24:26, EXEC, v:1, k:eval1@pares, mode:FULL, fail:COMP
2026-04-13 17:24:27, EXEC, v:1, k:eval1@pares, mode:FULL, fail:COMP
2026-04-13 17:24:19, MOVE, v:1, k:eval1@pares, mode:EDIT
2026-04-13 17:22:56, MOVE, v:1, k:eval1@pares, mode:EDIT
2026-04-13 17:24:39, EXEC, v:1, k:eval1@pares, mode:FULL, rate:85, size:15
2026-04-13 17:24:58, EXEC, v:1, k:eval1@pares, mode:FULL, size:16, fail:COMP
2026-04-13 17:25:18, EXEC, v:1, k:eval1@pares, mode:FULL, size:16, fail:COMP
2026-04-13 17:25:21, EXEC, v:1, k:eval1@pares, mode:FULL, rate:85, size:15
2026-04-13 17:25:43, EXEC, v:1, k:eval1@pares, mode:FULL, rate:42, size:15
2026-04-13 17:26:02, EXEC, v:1, k:eval1@pares, mode:FULL, rate:85, size:15
2026-04-13 17:27:03, EXEC, v:1, k:eval1@pares, mode:FULL, rate:85, size:15
2026-04-13 17:27:36, EXEC, v:1, k:eval1@pares, mode:FULL, rate:100, size:16
2026-04-13 17:27:38, MOVE, v:1, k:eval1@pares, mode:BACK
2026-04-13 17:27:53, SELF, v:1, k:eval1@pares, self:1, rate:100, study:16
2026-04-13 17:28:05, MOVE, v:1, k:eval1@mumia, mode:DOWN
2026-04-13 17:28:07, MOVE, v:1, k:eval1@mumia, mode:PICK
2026-04-13 17:27:33, MOVE, v:1, k:eval1@pares, mode:EDIT
2026-04-13 17:27:35, MOVE, v:1, k:eval1@pares, mode:EDIT
2026-04-13 17:28:05, MOVE, v:1, k:eval1@mumia, mode:EDIT
2026-04-13 17:29:34, MOVE, v:1, k:eval1@mumia, mode:EDIT
2026-04-13 17:34:34, MOVE, v:1, k:eval1@mumia, mode:EDIT
2026-04-13 17:34:38, EXEC, v:1, k:eval1@mumia, mode:FULL, rate:100, size:19
2026-04-13 17:34:42, MOVE, v:1, k:eval1@mumia, mode:BACK
2026-04-13 17:34:56, SELF, v:1, k:eval1@mumia, self:1, rate:100, study:6
2026-04-13 17:34:56, MOVE, v:1, k:eval1@mumia, mode:PICK
2026-04-13 17:34:58, MOVE, v:1, k:eval1@mumia, mode:BACK
2026-04-13 17:35:44, MOVE, v:1, k:eval1@monica, mode:DOWN
2026-04-13 17:35:48, MOVE, v:1, k:eval1@monica, mode:PICK
2026-04-13 17:35:52, EXEC, v:1, k:eval1@monica, mode:FULL, rate:0, size:5
2026-04-13 17:34:36, MOVE, v:1, k:eval1@mumia, mode:EDIT
2026-04-13 17:34:37, MOVE, v:1, k:eval1@mumia, mode:EDIT
2026-04-13 17:35:44, MOVE, v:1, k:eval1@monica, mode:EDIT
2026-04-13 17:39:28, MOVE, v:1, k:eval1@monica, mode:EDIT
2026-04-13 17:35:52, MOVE, v:1, k:eval1@monica, mode:EDIT
2026-04-13 17:41:14, EXEC, v:1, k:eval1@monica, mode:FULL, rate:100, size:15
2026-04-13 17:41:16, MOVE, v:1, k:eval1@monica, mode:BACK
2026-04-13 17:41:39, SELF, v:1, k:eval1@monica, self:1, rate:100, study:9
2026-04-13 17:41:59, MOVE, v:1, k:eval1@bala, mode:PICK
2026-04-13 17:42:00, EXEC, v:1, k:eval1@bala, mode:FULL, rate:0
2026-04-13 17:42:01, EXEC, v:1, k:eval1@bala, mode:FULL, rate:0
2026-04-13 17:41:12, MOVE, v:1, k:eval1@monica, mode:EDIT
2026-04-13 17:41:13, MOVE, v:1, k:eval1@monica, mode:EDIT
2026-04-13 17:42:01, MOVE, v:1, k:eval1@bala, mode:EDIT
2026-04-13 17:44:34, MOVE, v:1, k:eval1@bala, mode:EDIT
2026-04-13 17:49:32, MOVE, v:1, k:eval1@bala, mode:EDIT
2026-04-13 17:51:27, EXEC, v:1, k:eval1@bala, mode:FULL, rate:100, size:12
2026-04-13 17:51:30, MOVE, v:1, k:eval1@bala, mode:BACK
2026-04-13 17:51:55, SELF, v:1, k:eval1@bala, self:1, rate:100, study:11
