2026-04-28 13:48:36, MOVE, v:1, k:sandbox@user_001, mode:PICK
2026-04-28 13:51:24, MOVE, v:1, k:sandbox@user_001, mode:EDIT
2026-04-28 13:56:15, MOVE, v:1, k:sandbox@user_001, mode:EDIT
2026-04-28 14:08:23, MOVE, v:1, k:sandbox@user_001, mode:EDIT
2026-04-28 14:09:33, MOVE, v:1, k:sandbox@user_001, mode:EDIT
2026-04-28 14:15:14, EXEC, v:1, k:sandbox@user_001, mode:FULL, size:18, fail:COMP
2026-04-28 14:16:57, EXEC, v:1, k:sandbox@user_001, mode:LOCK, rate:0, size:20
2026-04-28 14:18:23, MOVE, v:1, k:sandbox@user_001, mode:EDIT
2026-04-28 14:16:57, MOVE, v:1, k:sandbox@user_001, mode:EDIT
2026-04-28 14:23:24, MOVE, v:1, k:sandbox@user_001, mode:EDIT
2026-04-28 14:28:23, MOVE, v:1, k:sandbox@user_001, mode:EDIT
2026-04-28 14:32:24, MOVE, v:1, k:sandbox@user_001, mode:EDIT
2026-04-28 16:24:19, MOVE, v:1, k:sandbox@user_001, mode:PICK
2026-04-28 16:24:24, EXEC, v:1, k:sandbox@user_001, mode:FULL, size:37, fail:COMP
2026-04-28 16:24:26, EXEC, v:1, k:sandbox@user_001, mode:FULL, fail:COMP
2026-04-28 16:37:05, MOVE, v:1, k:sandbox@user_001, mode:EDIT
2026-04-28 16:48:55, MOVE, v:1, k:sandbox@user_001, mode:EDIT
2026-04-28 16:51:21, EXEC, v:1, k:sandbox@user_001, mode:LOCK, rate:0, size:45
2026-04-28 16:51:16, MOVE, v:1, k:sandbox@user_001, mode:EDIT
2026-04-28 16:51:21, MOVE, v:1, k:sandbox@user_001, mode:EDIT
2026-04-28 16:58:00, MOVE, v:1, k:sandbox@user_001, mode:EDIT
2026-04-28 17:00:21, EXEC, v:1, k:sandbox@user_001, mode:LOCK, rate:0, size:47
2026-04-28 17:02:02, MOVE, v:1, k:sandbox@user_001, mode:BACK
2026-04-28 17:02:42, MOVE, v:1, k:fup@vet_ii, mode:PICK
2026-04-28 17:02:43, EXEC, v:1, k:fup@vet_ii, mode:FULL, rate:0, size:7
2026-04-28 17:00:21, MOVE, v:1, k:sandbox@user_001, mode:EDIT
2026-04-28 17:02:43, MOVE, v:1, k:fup@vet_ii, mode:EDIT
2026-04-28 17:09:03, MOVE, v:1, k:fup@vet_ii, mode:EDIT
2026-04-28 17:11:47, MOVE, v:1, k:fup@vet_ii, mode:EDIT
2026-04-28 17:18:10, EXEC, v:1, k:fup@vet_ii, mode:FULL, size:10, fail:COMP
2026-04-28 17:19:04, MOVE, v:1, k:fup@vet_ii, mode:EDIT
2026-04-28 17:21:41, EXEC, v:1, k:fup@vet_ii, mode:FULL, size:15, fail:COMP
2026-04-28 17:22:02, EXEC, v:1, k:fup@vet_ii, mode:FULL, rate:0, size:15
2026-04-28 17:22:36, EXEC, v:1, k:fup@vet_ii, mode:FULL, size:15, fail:COMP
2026-04-28 17:22:44, EXEC, v:1, k:fup@vet_ii, mode:FULL, rate:0, size:15
2026-04-28 17:22:44, MOVE, v:1, k:fup@vet_ii, mode:EDIT
2026-04-28 17:22:44, MOVE, v:1, k:fup@vet_ii, mode:EDIT
2026-04-28 17:25:42, EXEC, v:1, k:fup@vet_ii, mode:FULL, rate:0, size:17
2026-04-28 17:25:48, EXEC, v:1, k:fup@vet_ii, mode:FULL, rate:100, size:17
2026-04-28 17:27:33, MOVE, v:1, k:fup@vet_ii, mode:BACK
2026-04-28 17:28:08, SELF, v:1, k:fup@vet_ii, self:1, rate:100, study:50, friend:Hana
2026-04-28 17:28:13, MOVE, v:1, k:fup@vet_iii, mode:DOWN
2026-04-28 17:28:14, MOVE, v:1, k:fup@vet_iii, mode:PICK
2026-04-28 17:28:16, EXEC, v:1, k:fup@vet_iii, mode:FULL, rate:0, size:5
2026-04-28 17:25:46, MOVE, v:1, k:fup@vet_ii, mode:EDIT
2026-04-28 17:25:48, MOVE, v:1, k:fup@vet_ii, mode:EDIT
2026-04-28 17:28:13, MOVE, v:1, k:fup@vet_iii, mode:EDIT
2026-04-28 17:28:13, MOVE, v:1, k:fup@vet_iii, mode:EDIT
2026-04-28 17:28:13, MOVE, v:1, k:fup@vet_iii, mode:EDIT
2026-04-28 17:28:16, MOVE, v:1, k:fup@vet_iii, mode:EDIT
2026-04-28 17:34:04, MOVE, v:1, k:fup@vet_iii, mode:EDIT
2026-04-28 17:36:22, EXEC, v:1, k:fup@vet_iii, mode:FULL, rate:0, size:15
2026-04-28 17:36:56, EXEC, v:1, k:fup@vet_iii, mode:FULL, rate:0, size:15
2026-04-28 17:38:59, MOVE, v:1, k:fup@vet_iii, mode:EDIT
2026-04-28 17:36:56, MOVE, v:1, k:fup@vet_iii, mode:EDIT
2026-04-28 17:39:30, EXEC, v:1, k:fup@vet_iii, mode:FULL, size:19, fail:COMP
2026-04-28 17:39:49, EXEC, v:1, k:fup@vet_iii, mode:FULL, rate:0, size:19
2026-04-28 17:40:09, EXEC, v:1, k:fup@vet_iii, mode:FULL, rate:0, size:19
2026-04-28 17:40:34, EXEC, v:1, k:fup@vet_iii, mode:FULL, size:19, fail:COMP
2026-04-28 17:40:44, EXEC, v:1, k:fup@vet_iii, mode:FULL, rate:0, size:19
2026-04-28 17:41:39, EXEC, v:1, k:fup@vet_iii, mode:FULL, size:20, fail:COMP
2026-04-28 17:41:51, EXEC, v:1, k:fup@vet_iii, mode:FULL, rate:50, size:20
2026-04-28 17:42:16, EXEC, v:1, k:fup@vet_iii, mode:FULL, rate:25, size:20
2026-04-28 17:42:31, EXEC, v:1, k:fup@vet_iii, mode:FULL, rate:50, size:20
2026-04-28 17:44:04, MOVE, v:1, k:fup@vet_iii, mode:EDIT
2026-04-28 17:42:30, MOVE, v:1, k:fup@vet_iii, mode:EDIT
2026-04-28 17:44:22, EXEC, v:1, k:fup@vet_iii, mode:FULL, rate:25, size:20
2026-04-28 17:45:12, EXEC, v:1, k:fup@vet_iii, mode:FULL, rate:25, size:19
2026-04-28 17:45:11, MOVE, v:1, k:fup@vet_iii, mode:EDIT
2026-04-28 17:45:12, MOVE, v:1, k:fup@vet_iii, mode:EDIT
2026-04-28 17:51:31, EXEC, v:1, k:fup@vet_iii, mode:FULL, rate:25, size:20
2026-04-28 17:52:14, MOVE, v:1, k:fup@vet_iii, mode:PICK
2026-04-28 17:52:16, EXEC, v:1, k:fup@vet_iii, mode:FULL, rate:25
2026-04-28 17:52:32, MOVE, v:1, k:fup@vet_iii, mode:PICK
2026-04-28 17:52:33, EXEC, v:1, k:fup@vet_iii, mode:FULL, rate:25
2026-04-28 17:53:06, EXEC, v:1, k:fup@vet_iii, mode:FULL, rate:25, size:17
2026-04-28 17:53:06, MOVE, v:1, k:fup@vet_iii, mode:EDIT
2026-04-28 17:57:28, MOVE, v:1, k:fup@vet_iii, mode:EDIT
2026-04-28 17:57:57, EXEC, v:1, k:fup@vet_iii, mode:FULL, size:20, fail:COMP
2026-04-28 17:58:19, EXEC, v:1, k:fup@vet_iii, mode:FULL, rate:25, size:20
2026-04-28 17:58:52, EXEC, v:1, k:fup@vet_iii, mode:FULL, rate:100, size:21
2026-04-28 17:59:01, MOVE, v:1, k:fup@vet_iii, mode:BACK
2026-04-28 17:59:06, MOVE, v:1, k:fup@dindin, mode:DOWN
2026-04-28 17:59:07, MOVE, v:1, k:fup@dindin, mode:PICK
2026-04-28 17:59:09, EXEC, v:1, k:fup@dindin, mode:FULL, rate:0, size:5
2026-04-28 17:59:27, MOVE, v:1, k:fup@dindin, mode:BACK
2026-04-28 18:00:00, SELF, v:1, k:fup@vet_iii, self:1, rate:100, study:30, friend:Hana
2026-04-28 18:00:26, SELF, v:1, k:fup@vet_ii, self:1, study:50, friend:Hana
2026-04-28 18:01:19, MOVE, v:1, k:fup@vet_ii, mode:PICK
2026-04-28 18:01:22, MOVE, v:1, k:fup@vet_ii, mode:BACK
2026-04-28 18:02:06, MOVE, v:1, k:fup@apertada, mode:DOWN
2026-04-28 18:02:08, MOVE, v:1, k:fup@apertada, mode:PICK
2026-04-28 18:02:10, EXEC, v:1, k:fup@apertada, mode:FULL, rate:0, size:5
2026-04-28 17:58:50, MOVE, v:1, k:fup@vet_iii, mode:EDIT
2026-04-28 17:58:52, MOVE, v:1, k:fup@vet_iii, mode:EDIT
2026-04-28 17:59:06, MOVE, v:1, k:fup@dindin, mode:EDIT
2026-04-28 17:59:06, MOVE, v:1, k:fup@dindin, mode:EDIT
2026-04-28 17:59:09, MOVE, v:1, k:fup@dindin, mode:EDIT
2026-04-28 18:02:06, MOVE, v:1, k:fup@apertada, mode:EDIT
2026-04-28 18:02:06, MOVE, v:1, k:fup@apertada, mode:EDIT
2026-04-28 18:02:06, MOVE, v:1, k:fup@apertada, mode:EDIT
2026-04-28 18:02:10, MOVE, v:1, k:fup@apertada, mode:EDIT
2026-04-28 18:07:26, MOVE, v:1, k:fup@apertada, mode:EDIT
2026-04-28 18:09:06, MOVE, v:1, k:fup@apertada, mode:BACK
2026-04-28 18:09:17, MOVE, v:1, k:sandbox@user_001, mode:PICK
2026-04-28 18:09:19, EXEC, v:1, k:sandbox@user_001, mode:LOCK, rate:0
2026-04-28 18:10:39, MOVE, v:1, k:sandbox@user_001, mode:BACK
2026-04-28 18:11:25, MOVE, v:1, k:fup@apertada, mode:PICK
2026-04-28 18:11:26, EXEC, v:1, k:fup@apertada, mode:FULL, size:5, fail:COMP
2026-04-28 18:12:00, MOVE, v:1, k:fup@apertada, mode:BACK
