2026-06-24 00:13:23, MOVE, v:1, k:fup@piao, mode:DOWN
2026-06-24 00:13:23, MOVE, v:1, k:fup@piao, mode:PICK
2026-06-24 00:14:01, MOVE, v:1, k:fup@piao, mode:PICK
2026-06-24 00:14:02, EXEC, v:1, k:fup@piao, mode:FULL, rate:0, size:5
2026-06-24 00:14:02, MOVE, v:1, k:fup@piao, mode:EDIT
2026-06-24 00:22:32, EXEC, v:1, k:fup@piao, mode:FULL, rate:0, size:8
2026-06-24 00:22:31, MOVE, v:1, k:fup@piao, mode:EDIT
2026-06-24 00:22:32, MOVE, v:1, k:fup@piao, mode:EDIT
2026-06-24 00:27:37, EXEC, v:1, k:fup@piao, mode:FULL, rate:0, size:10
2026-06-24 00:28:49, MOVE, v:1, k:fup@piao, mode:EDIT
2026-06-24 00:27:37, MOVE, v:1, k:fup@piao, mode:EDIT
2026-06-24 00:30:23, EXEC, v:1, k:fup@piao, mode:FULL, rate:0, size:12
2026-06-24 00:30:55, EXEC, v:1, k:fup@piao, mode:FULL, rate:0, size:14
2026-06-24 00:33:31, MOVE, v:1, k:fup@piao, mode:EDIT
2026-06-24 00:30:55, MOVE, v:1, k:fup@piao, mode:EDIT
2026-06-24 00:34:46, EXEC, v:1, k:fup@piao, mode:FULL, rate:0, size:12
2026-06-24 00:34:48, EXEC, v:1, k:fup@piao, mode:FULL, rate:0, size:12
2026-06-24 00:35:24, EXEC, v:1, k:fup@piao, mode:FULL, rate:0, size:14
2026-06-24 00:35:23, MOVE, v:1, k:fup@piao, mode:EDIT
2026-06-24 00:38:49, MOVE, v:1, k:fup@piao, mode:EDIT
2026-06-24 00:42:42, MOVE, v:1, k:fup@piao, mode:EDIT
2026-06-24 00:48:42, MOVE, v:1, k:fup@piao, mode:EDIT
2026-06-24 00:53:25, EXEC, v:1, k:fup@piao, mode:FULL, size:43, fail:COMP
2026-06-24 00:53:20, MOVE, v:1, k:fup@piao, mode:EDIT
2026-06-24 00:55:24, MOVE, v:1, k:fup@piao, mode:BACK
2026-06-24 01:03:57, MOVE, v:1, k:fup@piao, mode:PICK
2026-06-24 01:03:58, EXEC, v:1, k:fup@piao, mode:FULL, size:43, fail:COMP
2026-06-24 01:03:59, EXEC, v:1, k:fup@piao, mode:FULL, fail:COMP
2026-06-24 01:06:30, EXEC, v:1, k:fup@piao, mode:FULL, rate:35, size:43
2026-06-24 01:07:38, EXEC, v:1, k:fup@piao, mode:FULL, rate:100, size:43
2026-06-24 01:07:42, MOVE, v:1, k:fup@piao, mode:BACK
2026-06-24 01:08:06, SELF, v:1, k:fup@piao, self:1, rate:100, study:54
2026-06-24 01:08:45, MOVE, v:1, k:fup@substring, mode:PICK
2026-06-24 01:08:47, EXEC, v:1, k:fup@substring, mode:FULL, rate:0
2026-06-24 01:07:36, MOVE, v:1, k:fup@piao, mode:EDIT
2026-06-24 01:07:37, MOVE, v:1, k:fup@piao, mode:EDIT
2026-06-24 01:08:47, MOVE, v:1, k:fup@substring, mode:EDIT
2026-06-24 01:12:31, EXEC, v:1, k:fup@substring, mode:FULL, rate:0, size:23
2026-06-24 01:12:30, MOVE, v:1, k:fup@substring, mode:EDIT
2026-06-24 01:12:31, MOVE, v:1, k:fup@substring, mode:EDIT
2026-06-24 01:18:31, EXEC, v:1, k:fup@substring, mode:FULL, rate:0, size:29
2026-06-24 01:18:25, MOVE, v:1, k:fup@substring, mode:EDIT
2026-06-24 01:18:31, MOVE, v:1, k:fup@substring, mode:EDIT
2026-06-24 01:20:51, EXEC, v:1, k:fup@substring, mode:FULL, rate:0, size:33
2026-06-24 01:23:11, EXEC, v:1, k:fup@substring, mode:FULL, rate:0, size:30
2026-06-24 01:23:05, MOVE, v:1, k:fup@substring, mode:EDIT
2026-06-24 01:23:11, MOVE, v:1, k:fup@substring, mode:EDIT
2026-06-24 01:26:06, EXEC, v:1, k:fup@substring, mode:FULL, rate:0, size:29
2026-06-24 01:26:34, EXEC, v:1, k:fup@substring, mode:FULL, rate:0, size:30
2026-06-24 01:27:44, EXEC, v:1, k:fup@substring, mode:FULL, rate:100, size:35
2026-06-24 01:27:55, MOVE, v:1, k:fup@substring, mode:BACK
2026-06-24 01:28:13, SELF, v:1, k:fup@substring, self:1, rate:100, study:62
2026-06-24 01:27:43, MOVE, v:1, k:fup@substring, mode:EDIT
2026-06-24 01:27:44, MOVE, v:1, k:fup@substring, mode:EDIT
2026-06-24 01:29:40, MOVE, v:1, k:fup@pmg, mode:DOWN
2026-06-24 01:29:41, MOVE, v:1, k:fup@pmg, mode:PICK
2026-06-24 01:29:42, EXEC, v:1, k:fup@pmg, mode:FULL, rate:0, size:5
2026-06-24 01:30:13, MOVE, v:1, k:fup@pmg, mode:BACK
