2026-05-25 16:47:07, MOVE, v:1, k:fup@revolta, mode:PICK
2026-05-25 16:47:14, EXEC, v:1, k:fup@revolta, mode:FULL, rate:100
2026-05-25 16:47:42, MOVE, v:1, k:fup@revolta, mode:BACK
2026-05-25 16:48:12, MOVE, v:1, k:fup@invertendo, mode:DOWN
2026-05-25 16:48:13, MOVE, v:1, k:fup@invertendo, mode:PICK
2026-05-25 16:48:14, MOVE, v:1, k:fup@invertendo, mode:BACK
2026-05-25 16:48:17, MOVE, v:1, k:fup@cartas, mode:DOWN
2026-05-25 16:48:18, MOVE, v:1, k:fup@cartas, mode:PICK
2026-05-25 16:48:19, EXEC, v:1, k:fup@cartas, mode:FULL, rate:0, size:5
2026-05-25 16:47:14, MOVE, v:1, k:fup@revolta, mode:EDIT
2026-05-25 16:48:12, MOVE, v:1, k:fup@invertendo, mode:EDIT
2026-05-25 16:48:12, MOVE, v:1, k:fup@invertendo, mode:EDIT
2026-05-25 16:48:12, MOVE, v:1, k:fup@invertendo, mode:EDIT
2026-05-25 16:48:17, MOVE, v:1, k:fup@cartas, mode:EDIT
2026-05-25 16:48:17, MOVE, v:1, k:fup@cartas, mode:EDIT
2026-05-25 16:48:19, MOVE, v:1, k:fup@cartas, mode:EDIT
2026-05-25 16:56:32, MOVE, v:1, k:fup@cartas, mode:EDIT
2026-05-25 17:01:46, EXEC, v:1, k:fup@cartas, mode:FULL, rate:20, size:13
2026-05-25 17:01:45, MOVE, v:1, k:fup@cartas, mode:EDIT
2026-05-25 17:01:46, MOVE, v:1, k:fup@cartas, mode:EDIT
2026-05-25 17:06:30, MOVE, v:1, k:fup@cartas, mode:EDIT
2026-05-25 17:08:59, EXEC, v:1, k:fup@cartas, mode:FULL, size:21, fail:COMP
2026-05-25 17:10:40, MOVE, v:1, k:fup@cartas, mode:BACK
2026-05-25 17:11:00, MOVE, v:1, k:fup@cartas, mode:PICK
2026-05-25 17:11:01, EXEC, v:1, k:fup@cartas, mode:FULL, size:18, fail:COMP
2026-05-25 17:12:02, MOVE, v:1, k:fup@cartas, mode:EDIT
2026-05-25 17:16:33, EXEC, v:1, k:fup@cartas, mode:FULL, rate:0, size:30
2026-05-25 17:16:18, MOVE, v:1, k:fup@cartas, mode:EDIT
2026-05-25 17:16:33, MOVE, v:1, k:fup@cartas, mode:EDIT
2026-05-25 17:20:24, EXEC, v:1, k:fup@cartas, mode:FULL, rate:0, size:26
2026-05-25 17:21:20, EXEC, v:1, k:fup@cartas, mode:FULL, size:13, fail:COMP
2026-05-25 17:21:17, MOVE, v:1, k:fup@cartas, mode:EDIT
2026-05-25 17:20:24, MOVE, v:1, k:fup@cartas, mode:EDIT
2026-05-25 17:26:19, EXEC, v:1, k:fup@cartas, mode:FULL, rate:0, size:15
2026-05-25 17:26:18, MOVE, v:1, k:fup@cartas, mode:EDIT
2026-05-25 17:26:19, MOVE, v:1, k:fup@cartas, mode:EDIT
2026-05-25 17:27:58, EXEC, v:1, k:fup@cartas, mode:FULL, rate:0, size:15
2026-05-25 17:28:21, EXEC, v:1, k:fup@cartas, mode:FULL, rate:20, size:17
2026-05-25 17:28:29, EXEC, v:1, k:fup@cartas, mode:FULL, rate:0, size:17
2026-05-25 17:28:50, EXEC, v:1, k:fup@cartas, mode:FULL, rate:20, size:17
2026-05-25 17:29:33, EXEC, v:1, k:fup@cartas, mode:FULL, rate:20, size:16
2026-05-25 17:30:14, EXEC, v:1, k:fup@cartas, mode:FULL, rate:0, size:16
2026-05-25 17:30:21, MOVE, v:1, k:fup@cartas, mode:BACK
2026-05-25 17:30:34, MOVE, v:1, k:fup@baruel, mode:PICK
2026-05-25 17:30:35, EXEC, v:1, k:fup@baruel, mode:FULL, rate:100
2026-05-25 17:31:41, MOVE, v:1, k:fup@baruel, mode:BACK
2026-05-25 17:31:44, MOVE, v:1, k:fup@cartas, mode:PICK
2026-05-25 17:31:45, EXEC, v:1, k:fup@cartas, mode:FULL, size:26, fail:COMP
2026-05-25 17:34:22, EXEC, v:1, k:fup@cartas, mode:FULL, rate:0, size:20
2026-05-25 17:30:35, MOVE, v:1, k:fup@baruel, mode:EDIT
2026-05-25 17:32:58, MOVE, v:1, k:fup@cartas, mode:EDIT
2026-05-25 17:34:22, MOVE, v:1, k:fup@cartas, mode:EDIT
2026-05-25 17:38:10, MOVE, v:1, k:fup@cartas, mode:EDIT
2026-05-25 17:45:23, MOVE, v:1, k:fup@cartas, mode:EDIT
2026-05-25 17:47:25, EXEC, v:1, k:fup@cartas, mode:FULL, rate:0, size:28
2026-05-25 17:47:33, EXEC, v:1, k:fup@cartas, mode:FULL, rate:20, size:28
2026-05-25 17:50:27, MOVE, v:1, k:fup@cartas, mode:EDIT
2026-05-25 17:47:33, MOVE, v:1, k:fup@cartas, mode:EDIT
2026-05-25 17:51:56, EXEC, v:1, k:fup@cartas, mode:FULL, size:29, fail:COMP
2026-05-25 17:52:13, EXEC, v:1, k:fup@cartas, mode:FULL, rate:100, size:29
2026-05-25 17:52:12, MOVE, v:1, k:fup@cartas, mode:EDIT
2026-05-25 17:52:13, MOVE, v:1, k:fup@cartas, mode:EDIT
2026-05-25 18:05:12, MOVE, v:1, k:fup@cartas, mode:BACK
2026-05-25 18:05:29, MOVE, v:1, k:fup@cartas, mode:PICK
2026-05-25 18:05:31, MOVE, v:1, k:fup@cartas, mode:BACK
2026-05-25 18:05:45, SELF, v:1, k:fup@cartas, self:1, rate:100, study:66, friend:Hanna
2026-05-25 18:06:15, SELF, v:1, k:fup@cartas, self:1, rate:100, study:42, friend:Hanna
2026-05-25 18:06:36, MOVE, v:1, k:fup@botas, mode:DOWN
2026-05-25 18:06:37, MOVE, v:1, k:fup@botas, mode:PICK
2026-05-25 18:06:39, EXEC, v:1, k:fup@botas, mode:FULL, rate:0, size:5
2026-05-25 18:07:53, EXEC, v:1, k:fup@botas, mode:FULL, size:3, fail:COMP
2026-05-25 18:10:06, MOVE, v:1, k:fup@botas, mode:BACK
2026-05-25 18:06:37, MOVE, v:1, k:fup@botas, mode:EDIT
2026-05-25 18:06:37, MOVE, v:1, k:fup@botas, mode:EDIT
2026-05-25 18:07:52, MOVE, v:1, k:fup@botas, mode:EDIT
2026-05-25 18:06:39, MOVE, v:1, k:fup@botas, mode:EDIT
