2026-03-11 15:55:26, MOVE, v:1, k:fup@resto, mode:PICK
2026-03-11 15:55:35, MOVE, v:1, k:fup@resto, mode:BACK
2026-03-11 15:56:29, MOVE, v:1, k:fup@resto, mode:PICK
2026-03-11 15:56:30, MOVE, v:1, k:fup@resto, mode:BACK
2026-03-11 15:58:02, SELF, v:1, k:fup@resto, self:1, rate:100, study:6, friend:Nao, guided:1
2026-03-11 15:58:09, MOVE, v:1, k:fup@media, mode:PICK
2026-03-11 15:58:15, EXEC, v:1, k:fup@media, mode:FULL, rate:0, size:7
2026-03-11 15:58:16, EXEC, v:1, k:fup@media, mode:FULL, rate:0
2026-03-11 16:08:28, EXEC, v:1, k:fup@media, mode:FULL, rate:100, size:7
2026-03-11 16:08:47, MOVE, v:1, k:fup@media, mode:BACK
2026-03-11 16:09:23, SELF, v:1, k:fup@media, self:1, rate:100, study:15, friend:Nao
2026-03-11 16:14:55, MOVE, v:1, k:fup@sobrou, mode:DOWN
2026-03-11 16:14:59, MOVE, v:1, k:fup@sobrou, mode:PICK
2026-03-11 16:15:03, EXEC, v:1, k:fup@sobrou, mode:FULL, rate:0, size:5
2026-03-11 16:22:42, EXEC, v:1, k:fup@sobrou, mode:FULL, size:7, fail:COMP
2026-03-11 16:22:59, EXEC, v:1, k:fup@sobrou, mode:FULL, size:6, fail:COMP
2026-03-11 16:23:14, EXEC, v:1, k:fup@sobrou, mode:FULL, rate:0, size:6
2026-03-11 16:23:48, EXEC, v:1, k:fup@sobrou, mode:FULL, rate:0, size:7
2026-03-11 16:25:57, EXEC, v:1, k:fup@sobrou, mode:FULL, size:8, fail:COMP
2026-03-11 16:25:57, EXEC, v:1, k:fup@sobrou, mode:FULL, size:8, fail:COMP
2026-03-11 16:25:57, EXEC, v:1, k:fup@sobrou, mode:FULL, size:8, fail:COMP
2026-03-11 16:25:57, EXEC, v:1, k:fup@sobrou, mode:FULL, size:8, fail:COMP
2026-03-11 16:26:07, EXEC, v:1, k:fup@sobrou, mode:FULL, rate:0, size:9
2026-03-11 16:30:21, EXEC, v:1, k:fup@sobrou, mode:FULL, size:7, fail:COMP
2026-03-11 16:30:50, EXEC, v:1, k:fup@sobrou, mode:FULL, rate:0, size:7
2026-03-11 16:40:48, EXEC, v:1, k:fup@sobrou, mode:FULL, size:9, fail:COMP
2026-03-11 16:41:06, EXEC, v:1, k:fup@sobrou, mode:FULL, rate:0, size:9
2026-03-11 16:47:44, EXEC, v:1, k:fup@sobrou, mode:FULL, rate:42, size:11
2026-03-11 16:49:56, EXEC, v:1, k:fup@sobrou, mode:FULL, size:11, fail:COMP
2026-03-11 16:49:56, EXEC, v:1, k:fup@sobrou, mode:FULL, size:11, fail:COMP
2026-03-11 16:49:56, EXEC, v:1, k:fup@sobrou, mode:FULL, size:11, fail:COMP
2026-03-11 16:49:57, EXEC, v:1, k:fup@sobrou, mode:FULL, fail:COMP
2026-03-11 16:49:57, EXEC, v:1, k:fup@sobrou, mode:FULL, fail:COMP
2026-03-11 16:49:58, EXEC, v:1, k:fup@sobrou, mode:FULL, fail:COMP
2026-03-11 16:50:07, EXEC, v:1, k:fup@sobrou, mode:FULL, rate:0, size:11
2026-03-11 16:50:18, EXEC, v:1, k:fup@sobrou, mode:FULL, rate:100, size:11
2026-03-11 16:51:23, MOVE, v:1, k:fup@sobrou, mode:BACK
2026-03-11 16:52:23, SELF, v:1, k:fup@sobrou, self:1, rate:100, study:36, friend:Sim, Pompeu
