2026-06-02 16:20:27, MOVE, v:1, k:fup@medico, mode:DOWN
2026-06-02 16:20:28, MOVE, v:1, k:fup@medico, mode:PICK
2026-06-02 16:20:30, EXEC, v:1, k:fup@medico, mode:FULL, rate:0, size:5
2026-06-02 16:20:31, EXEC, v:1, k:fup@medico, mode:FULL, rate:0
2026-06-02 16:23:15, EXEC, v:1, k:fup@medico, mode:FULL, rate:0, size:11
2026-06-02 16:20:27, MOVE, v:1, k:fup@medico, mode:EDIT
2026-06-02 16:20:27, MOVE, v:1, k:fup@medico, mode:EDIT
2026-06-02 16:23:12, MOVE, v:1, k:fup@medico, mode:EDIT
2026-06-02 16:23:15, MOVE, v:1, k:fup@medico, mode:EDIT
2026-06-02 16:30:10, MOVE, v:1, k:fup@medico, mode:EDIT
2026-06-02 16:34:06, EXEC, v:1, k:fup@medico, mode:FULL, size:24, fail:COMP
2026-06-02 16:34:46, MOVE, v:1, k:fup@medico, mode:EDIT
2026-06-02 16:37:57, MOVE, v:1, k:fup@medico, mode:EDIT
2026-06-02 23:14:51, MOVE, v:1, k:fup@medico, mode:PICK
2026-06-02 23:14:56, EXEC, v:1, k:fup@medico, mode:FULL, size:26, fail:COMP
2026-06-02 23:24:10, EXEC, v:1, k:fup@medico, mode:FULL, size:26, fail:COMP
2026-06-02 23:24:08, MOVE, v:1, k:fup@medico, mode:EDIT
2026-06-02 23:25:47, MOVE, v:1, k:fup@medico, mode:BACK
2026-06-02 23:25:59, MOVE, v:1, k:fup@cartas, mode:PICK
2026-06-02 23:26:02, EXEC, v:1, k:fup@cartas, mode:FULL, rate:100
2026-06-02 23:26:14, MOVE, v:1, k:fup@cartas, mode:BACK
2026-06-02 23:28:40, MOVE, v:1, k:fup@medico, mode:EDIT
2026-06-02 23:26:02, MOVE, v:1, k:fup@cartas, mode:EDIT
2026-06-02 23:30:47, MOVE, v:1, k:fup@medico, mode:PICK
2026-06-02 23:30:48, EXEC, v:1, k:fup@medico, mode:FULL, size:26, fail:COMP
2026-06-02 23:39:32, MOVE, v:1, k:fup@medico, mode:EDIT
2026-06-02 23:40:50, EXEC, v:1, k:fup@medico, mode:FULL, size:34, fail:COMP
2026-06-02 23:41:00, EXEC, v:1, k:fup@medico, mode:FULL, size:34, fail:COMP
2026-06-02 23:41:22, MOVE, v:1, k:fup@medico, mode:EDIT
2026-06-02 23:45:40, EXEC, v:1, k:fup@medico, mode:FULL, size:30, fail:COMP
2026-06-02 23:49:35, EXEC, v:1, k:fup@medico, mode:FULL, size:31, fail:COMP
2026-06-02 23:49:37, EXEC, v:1, k:fup@medico, mode:FULL, fail:COMP
2026-06-02 23:49:38, EXEC, v:1, k:fup@medico, mode:FULL, fail:COMP
2026-06-02 23:49:38, EXEC, v:1, k:fup@medico, mode:FULL, fail:COMP
2026-06-02 23:49:38, EXEC, v:1, k:fup@medico, mode:FULL, fail:COMP
2026-06-02 23:49:39, EXEC, v:1, k:fup@medico, mode:FULL, fail:COMP
2026-06-02 23:49:39, EXEC, v:1, k:fup@medico, mode:FULL, fail:COMP
2026-06-02 23:49:40, EXEC, v:1, k:fup@medico, mode:FULL, fail:COMP
2026-06-02 23:49:40, EXEC, v:1, k:fup@medico, mode:FULL, fail:COMP
2026-06-02 23:49:40, EXEC, v:1, k:fup@medico, mode:FULL, fail:COMP
2026-06-02 23:49:40, EXEC, v:1, k:fup@medico, mode:FULL, fail:COMP
2026-06-02 23:49:41, EXEC, v:1, k:fup@medico, mode:FULL, fail:COMP
2026-06-02 23:49:41, EXEC, v:1, k:fup@medico, mode:FULL, fail:COMP
2026-06-02 23:49:41, EXEC, v:1, k:fup@medico, mode:FULL, fail:COMP
2026-06-02 23:49:41, EXEC, v:1, k:fup@medico, mode:FULL, fail:COMP
2026-06-02 23:49:41, EXEC, v:1, k:fup@medico, mode:FULL, fail:COMP
2026-06-02 23:49:41, EXEC, v:1, k:fup@medico, mode:FULL, fail:COMP
2026-06-02 23:49:42, EXEC, v:1, k:fup@medico, mode:FULL, fail:COMP
2026-06-02 23:49:42, EXEC, v:1, k:fup@medico, mode:FULL, fail:COMP
2026-06-02 23:49:42, EXEC, v:1, k:fup@medico, mode:FULL, fail:COMP
2026-06-02 23:49:42, EXEC, v:1, k:fup@medico, mode:FULL, fail:COMP
2026-06-02 23:49:42, EXEC, v:1, k:fup@medico, mode:FULL, fail:COMP
2026-06-02 23:49:42, EXEC, v:1, k:fup@medico, mode:FULL, fail:COMP
2026-06-02 23:45:42, MOVE, v:1, k:fup@medico, mode:EDIT
2026-06-02 23:51:15, EXEC, v:1, k:fup@medico, mode:FULL, fail:COMP
2026-06-02 23:51:16, EXEC, v:1, k:fup@medico, mode:FULL, fail:COMP
2026-06-02 23:51:17, EXEC, v:1, k:fup@medico, mode:FULL, fail:COMP
2026-06-02 23:51:18, EXEC, v:1, k:fup@medico, mode:FULL, fail:COMP
2026-06-02 23:51:19, EXEC, v:1, k:fup@medico, mode:FULL, fail:COMP
2026-06-02 23:51:20, EXEC, v:1, k:fup@medico, mode:FULL, fail:COMP
2026-06-02 23:51:26, EXEC, v:1, k:fup@medico, mode:FULL, fail:COMP
2026-06-02 23:51:27, EXEC, v:1, k:fup@medico, mode:FULL, fail:COMP
2026-06-02 23:51:15, MOVE, v:1, k:fup@medico, mode:EDIT
2026-06-02 23:56:29, EXEC, v:1, k:fup@medico, mode:FULL, size:31, fail:COMP
2026-06-02 23:56:29, EXEC, v:1, k:fup@medico, mode:FULL, size:31, fail:COMP
2026-06-02 23:56:48, EXEC, v:1, k:fup@medico, mode:FULL, size:31, fail:COMP
2026-06-02 23:57:28, EXEC, v:1, k:fup@medico, mode:FULL, size:31, fail:COMP
2026-06-02 23:58:35, EXEC, v:1, k:fup@medico, mode:FULL, fail:COMP
2026-06-02 23:58:41, MOVE, v:1, k:fup@medico, mode:EDIT
