2026-04-08 12:03:24, MOVE, v:1, k:fup@cobra, mode:DOWN
2026-04-08 12:03:25, MOVE, v:1, k:fup@cobra, mode:PICK
2026-04-08 12:03:29, EXEC, v:1, k:fup@cobra, mode:FULL, rate:0, size:5
2026-04-08 13:06:27, EXEC, v:1, k:fup@cobra, mode:FULL, size:14, fail:COMP
2026-04-08 13:06:47, EXEC, v:1, k:fup@cobra, mode:FULL, rate:0, size:14
2026-04-08 13:11:18, EXEC, v:1, k:fup@cobra, mode:FULL, rate:0, size:18
2026-04-08 13:11:40, EXEC, v:1, k:fup@cobra, mode:FULL, rate:0, size:17
2026-04-08 13:11:43, EXEC, v:1, k:fup@cobra, mode:FULL, rate:0
2026-04-08 13:11:45, EXEC, v:1, k:fup@cobra, mode:FULL, rate:0
2026-04-08 13:11:46, EXEC, v:1, k:fup@cobra, mode:FULL, rate:0
2026-04-08 13:13:16, EXEC, v:1, k:fup@cobra, mode:FULL, rate:0, size:16
2026-04-08 13:15:17, EXEC, v:1, k:fup@cobra, mode:FULL, rate:0, size:17
2026-04-08 13:20:17, EXEC, v:1, k:fup@cobra, mode:FULL, rate:0, size:18
2026-04-08 13:20:30, EXEC, v:1, k:fup@cobra, mode:FULL, rate:0, size:17
2026-04-08 13:27:39, EXEC, v:1, k:fup@cobra, mode:FULL, rate:0, size:17
2026-04-08 13:48:37, EXEC, v:1, k:fup@cobra, mode:FULL, size:28, fail:COMP
2026-04-08 13:49:33, EXEC, v:1, k:fup@cobra, mode:FULL, size:27, fail:COMP
2026-04-08 13:49:41, EXEC, v:1, k:fup@cobra, mode:FULL, fail:COMP
2026-04-08 13:49:44, EXEC, v:1, k:fup@cobra, mode:FULL, size:27, fail:COMP
2026-04-08 13:49:57, EXEC, v:1, k:fup@cobra, mode:FULL, size:27, fail:COMP
2026-04-08 13:50:58, EXEC, v:1, k:fup@cobra, mode:FULL, size:27, fail:COMP
2026-04-08 13:54:43, EXEC, v:1, k:fup@cobra, mode:FULL, fail:COMP
2026-04-08 13:55:17, EXEC, v:1, k:fup@cobra, mode:FULL, size:28, fail:COMP
2026-04-08 13:55:18, EXEC, v:1, k:fup@cobra, mode:FULL, size:28, fail:COMP
2026-04-08 13:57:47, EXEC, v:1, k:fup@cobra, mode:FULL, rate:0, size:28
2026-04-08 13:58:23, EXEC, v:1, k:fup@cobra, mode:FULL, rate:0, size:28
2026-04-08 14:00:54, MOVE, v:1, k:fup@cobra, mode:BACK
2026-04-08 14:01:20, MOVE, v:1, k:fup@cobra, mode:PICK
2026-04-08 14:01:21, EXEC, v:1, k:fup@cobra, mode:FULL, rate:0
2026-04-08 14:04:07, EXEC, v:1, k:fup@cobra, mode:FULL, size:28, fail:COMP
2026-04-08 14:04:44, MOVE, v:1, k:fup@cobra, mode:PICK
2026-04-08 14:04:45, EXEC, v:1, k:fup@cobra, mode:FULL, rate:9, size:28
2026-04-08 14:42:01, EXEC, v:1, k:fup@cobra, mode:FULL, rate:90, size:22
2026-04-08 14:44:19, EXEC, v:1, k:fup@cobra, mode:FULL, rate:90, size:25
2026-04-08 14:45:07, EXEC, v:1, k:fup@cobra, mode:FULL, rate:100, size:26
2026-04-08 14:45:12, MOVE, v:1, k:fup@cobra, mode:BACK
2026-04-08 14:46:06, SELF, v:1, k:fup@cobra, self:1, rate:100, study:98, friend:Pompeu
2026-04-08 14:46:06, MOVE, v:1, k:fup@cobra, mode:PICK
2026-04-08 14:46:07, EXEC, v:1, k:fup@cobra, mode:FULL, rate:100
2026-04-08 14:46:07, EXEC, v:1, k:fup@cobra, mode:FULL, rate:100
2026-04-08 14:46:08, EXEC, v:1, k:fup@cobra, mode:FULL, rate:100
2026-04-08 14:46:08, EXEC, v:1, k:fup@cobra, mode:FULL, rate:100
2026-04-08 14:46:09, EXEC, v:1, k:fup@cobra, mode:FULL, rate:100
2026-04-08 14:46:09, EXEC, v:1, k:fup@cobra, mode:FULL, rate:100
2026-04-08 14:46:11, MOVE, v:1, k:fup@cobra, mode:BACK
2026-04-08 14:46:16, MOVE, v:1, k:fup@cobra, mode:PICK
2026-04-08 14:46:19, EXEC, v:1, k:fup@cobra, mode:FULL, rate:100
2026-04-08 14:46:31, MOVE, v:1, k:fup@cobra, mode:BACK
2026-04-08 16:11:16, MOVE, v:1, k:fup@cobra, mode:PICK
2026-04-08 16:11:17, MOVE, v:1, k:fup@cobra, mode:BACK
2026-04-08 16:11:31, SELF, v:1, k:fup@cobra, self:1, rate:100, study:98, friend:Pompeu
2026-04-08 16:11:41, MOVE, v:1, k:fup@salario, mode:DOWN
2026-04-08 16:11:42, MOVE, v:1, k:fup@salario, mode:PICK
2026-04-08 16:11:49, EXEC, v:1, k:fup@salario, mode:FULL, rate:0, size:5
2026-04-08 16:11:49, EXEC, v:1, k:fup@salario, mode:FULL, rate:0, size:5
2026-04-08 16:11:54, MOVE, v:1, k:fup@salario, mode:BACK
2026-04-08 16:12:41, MOVE, v:1, k:fup@salario, mode:PICK
2026-04-08 16:12:42, EXEC, v:1, k:fup@salario, mode:FULL, rate:0, size:5
